nov 04, 2023 7:06:04 P. M. java.awt.Container mixOnShowing
DETALLADO: this = monopoly.windows.MainGameMenu[frame1,353,159,1000x700,invalid,hidden,layout=java.awt.BorderLayout,title=MONOPOLY,resizable,normal,defaultCloseOperation=DISPOSE_ON_CLOSE,rootPane=javax.swing.JRootPane[,0,0,0x0,invalid,layout=javax.swing.JRootPane$RootLayout,alignmentX=0.0,alignmentY=0.0,border=javax.swing.plaf.synth.SynthBorder@62a674b9,flags=16777673,maximumSize=,minimumSize=,preferredSize=],rootPaneCheckingEnabled=true]
nov 04, 2023 7:06:04 P. M. java.awt.Component isMixingNeeded
DETALLADO: containing window = monopoly.windows.MainGameMenu[frame1,353,159,1000x700,invalid,hidden,layout=java.awt.BorderLayout,title=MONOPOLY,resizable,normal,defaultCloseOperation=DISPOSE_ON_CLOSE,rootPane=javax.swing.JRootPane[,0,0,0x0,invalid,layout=javax.swing.JRootPane$RootLayout,alignmentX=0.0,alignmentY=0.0,border=javax.swing.plaf.synth.SynthBorder@62a674b9,flags=16777673,maximumSize=,minimumSize=,preferredSize=],rootPaneCheckingEnabled=true]; has h/w descendants = false; has l/w descendants = false; disposing = false
nov 04, 2023 7:06:04 P. M. java.awt.Container mixOnShowing
DETALLADO: this = javax.swing.JRootPane[,0,0,0x0,invalid,layout=javax.swing.JRootPane$RootLayout,alignmentX=0.0,alignmentY=0.0,border=javax.swing.plaf.synth.SynthBorder@62a674b9,flags=16777673,maximumSize=,minimumSize=,preferredSize=]
nov 04, 2023 7:06:04 P. M. java.awt.Component isMixingNeeded
DETALLADO: this = javax.swing.JRootPane[,0,0,0x0,invalid,layout=javax.swing.JRootPane$RootLayout,alignmentX=0.0,alignmentY=0.0,border=javax.swing.plaf.synth.SynthBorder@62a674b9,flags=16777673,maximumSize=,minimumSize=,preferredSize=]; areBoundsValid = false
nov 04, 2023 7:06:04 P. M. java.awt.Container mixOnShowing
DETALLADO: this = javax.swing.JPanel[null.glassPane,0,0,0x0,invalid,hidden,layout=java.awt.FlowLayout,alignmentX=0.0,alignmentY=0.0,border=javax.swing.plaf.synth.SynthBorder@58b7a694,flags=16777217,maximumSize=,minimumSize=,preferredSize=]
nov 04, 2023 7:06:04 P. M. java.awt.Component isMixingNeeded
DETALLADO: this = javax.swing.JPanel[null.glassPane,0,0,0x0,invalid,hidden,layout=java.awt.FlowLayout,alignmentX=0.0,alignmentY=0.0,border=javax.swing.plaf.synth.SynthBorder@58b7a694,flags=16777217,maximumSize=,minimumSize=,preferredSize=]; areBoundsValid = false
nov 04, 2023 7:06:04 P. M. java.awt.Container mixOnShowing
DETALLADO: this = javax.swing.JLayeredPane[null.layeredPane,0,0,0x0,invalid,alignmentX=0.0,alignmentY=0.0,border=,flags=0,maximumSize=,minimumSize=,preferredSize=,optimizedDrawingPossible=true]
nov 04, 2023 7:06:04 P. M. java.awt.Component isMixingNeeded
DETALLADO: this = javax.swing.JLayeredPane[null.layeredPane,0,0,0x0,invalid,alignmentX=0.0,alignmentY=0.0,border=,flags=0,maximumSize=,minimumSize=,preferredSize=,optimizedDrawingPossible=true]; areBoundsValid = false
nov 04, 2023 7:06:04 P. M. java.awt.Container mixOnShowing
DETALLADO: this = javax.swing.JPanel[null.contentPane,0,0,0x0,invalid,layout=java.awt.BorderLayout,alignmentX=0.0,alignmentY=0.0,border=javax.swing.plaf.synth.SynthBorder@778585fe,flags=9,maximumSize=,minimumSize=,preferredSize=]
nov 04, 2023 7:06:04 P. M. java.awt.Component isMixingNeeded
DETALLADO: containing window = monopoly.windows.MainGameMenu[frame1,353,159,1000x700,invalid,hidden,layout=java.awt.BorderLayout,title=MONOPOLY,resizable,normal,defaultCloseOperation=DISPOSE_ON_CLOSE,rootPane=javax.swing.JRootPane[,0,0,0x0,invalid,layout=javax.swing.JRootPane$RootLayout,alignmentX=0.0,alignmentY=0.0,border=javax.swing.plaf.synth.SynthBorder@62a674b9,flags=16777673,maximumSize=,minimumSize=,preferredSize=],rootPaneCheckingEnabled=true]; has h/w descendants = false; has l/w descendants = true; disposing = false
nov 04, 2023 7:06:04 P. M. java.awt.Container mixOnShowing
DETALLADO: this = monopoly.windows.MainGameMenu$1[,0,0,0x0,invalid,layout=java.awt.FlowLayout,alignmentX=0.0,alignmentY=0.0,border=javax.swing.plaf.synth.SynthBorder@49d7b05b,flags=9,maximumSize=,minimumSize=,preferredSize=]
nov 04, 2023 7:06:04 P. M. java.awt.Component isMixingNeeded
DETALLADO: this = monopoly.windows.MainGameMenu$1[,0,0,0x0,invalid,layout=java.awt.FlowLayout,alignmentX=0.0,alignmentY=0.0,border=javax.swing.plaf.synth.SynthBorder@49d7b05b,flags=9,maximumSize=,minimumSize=,preferredSize=]; areBoundsValid = false
nov 04, 2023 7:06:04 P. M. java.awt.Container mixOnShowing
DETALLADO: this = javax.swing.JPanel[,0,0,0x0,invalid,layout=javax.swing.BoxLayout,alignmentX=0.0,alignmentY=0.0,border=javax.swing.plaf.synth.SynthBorder@7aa2f82f,flags=9,maximumSize=,minimumSize=,preferredSize=java.awt.Dimension[width=300,height=2]]
nov 04, 2023 7:06:04 P. M. java.awt.Component isMixingNeeded
DETALLADO: this = javax.swing.JPanel[,0,0,0x0,invalid,layout=javax.swing.BoxLayout,alignmentX=0.0,alignmentY=0.0,border=javax.swing.plaf.synth.SynthBorder@7aa2f82f,flags=9,maximumSize=,minimumSize=,preferredSize=java.awt.Dimension[width=300,height=2]]; areBoundsValid = false
nov 04, 2023 7:06:04 P. M. java.awt.Container mixOnShowing
DETALLADO: this = javax.swing.Box$Filler[,0,0,0x0,invalid,alignmentX=0.0,alignmentY=0.0,border=,flags=0,maximumSize=,minimumSize=java.awt.Dimension[width=100,height=100],preferredSize=]
nov 04, 2023 7:06:04 P. M. java.awt.Component isMixingNeeded
DETALLADO: this = javax.swing.Box$Filler[,0,0,0x0,invalid,alignmentX=0.0,alignmentY=0.0,border=,flags=0,maximumSize=,minimumSize=java.awt.Dimension[width=100,height=100],preferredSize=]; areBoundsValid = false
nov 04, 2023 7:06:04 P. M. java.awt.Container mixOnShowing
DETALLADO: this = javax.swing.JButton[,0,0,0x0,invalid,alignmentX=0.5,alignmentY=0.5,border=javax.swing.plaf.synth.SynthBorder@557201f9,flags=288,maximumSize=java.awt.Dimension[width=100,height=80],minimumSize=,preferredSize=java.awt.Dimension[width=100,height=80],defaultIcon=javax.swing.ImageIcon@21d338f0,disabledIcon=,disabledSelectedIcon=,margin=javax.swing.plaf.InsetsUIResource[top=0,left=0,bottom=0,right=0],paintBorder=true,paintFocus=true,pressedIcon=,rolloverEnabled=true,rolloverIcon=,rolloverSelectedIcon=,selectedIcon=,text=,defaultCapable=true]
nov 04, 2023 7:06:04 P. M. java.awt.Component isMixingNeeded
DETALLADO: this = javax.swing.JButton[,0,0,0x0,invalid,alignmentX=0.5,alignmentY=0.5,border=javax.swing.plaf.synth.SynthBorder@557201f9,flags=288,maximumSize=java.awt.Dimension[width=100,height=80],minimumSize=,preferredSize=java.awt.Dimension[width=100,height=80],defaultIcon=javax.swing.ImageIcon@21d338f0,disabledIcon=,disabledSelectedIcon=,margin=javax.swing.plaf.InsetsUIResource[top=0,left=0,bottom=0,right=0],paintBorder=true,paintFocus=true,pressedIcon=,rolloverEnabled=true,rolloverIcon=,rolloverSelectedIcon=,selectedIcon=,text=,defaultCapable=true]; areBoundsValid = false
nov 04, 2023 7:06:04 P. M. java.awt.Container mixOnReshaping
DETALLADO: this = javax.swing.JRootPane[,7,30,986x663,invalid,layout=javax.swing.JRootPane$RootLayout,alignmentX=0.0,alignmentY=0.0,border=javax.swing.plaf.synth.SynthBorder@62a674b9,flags=16777673,maximumSize=,minimumSize=,preferredSize=]
nov 04, 2023 7:06:04 P. M. java.awt.Component isMixingNeeded
DETALLADO: this = javax.swing.JRootPane[,7,30,986x663,invalid,layout=javax.swing.JRootPane$RootLayout,alignmentX=0.0,alignmentY=0.0,border=javax.swing.plaf.synth.SynthBorder@62a674b9,flags=16777673,maximumSize=,minimumSize=,preferredSize=]; areBoundsValid = false
nov 04, 2023 7:06:04 P. M. java.awt.Container mixOnReshaping
DETALLADO: this = javax.swing.JLayeredPane[null.layeredPane,0,0,986x663,invalid,alignmentX=0.0,alignmentY=0.0,border=,flags=0,maximumSize=,minimumSize=,preferredSize=,optimizedDrawingPossible=true]
nov 04, 2023 7:06:04 P. M. java.awt.Component isMixingNeeded
DETALLADO: this = javax.swing.JLayeredPane[null.layeredPane,0,0,986x663,invalid,alignmentX=0.0,alignmentY=0.0,border=,flags=0,maximumSize=,minimumSize=,preferredSize=,optimizedDrawingPossible=true]; areBoundsValid = false
nov 04, 2023 7:06:04 P. M. java.awt.Container mixOnReshaping
DETALLADO: this = javax.swing.JPanel[null.glassPane,0,0,986x663,invalid,hidden,layout=java.awt.FlowLayout,alignmentX=0.0,alignmentY=0.0,border=javax.swing.plaf.synth.SynthBorder@58b7a694,flags=16777217,maximumSize=,minimumSize=,preferredSize=]
nov 04, 2023 7:06:04 P. M. java.awt.Component isMixingNeeded
DETALLADO: this = javax.swing.JPanel[null.glassPane,0,0,986x663,invalid,hidden,layout=java.awt.FlowLayout,alignmentX=0.0,alignmentY=0.0,border=javax.swing.plaf.synth.SynthBorder@58b7a694,flags=16777217,maximumSize=,minimumSize=,preferredSize=]; areBoundsValid = false
nov 04, 2023 7:06:04 P. M. java.awt.Container mixOnReshaping
DETALLADO: this = javax.swing.JPanel[null.contentPane,0,0,986x663,invalid,layout=java.awt.BorderLayout,alignmentX=0.0,alignmentY=0.0,border=javax.swing.plaf.synth.SynthBorder@778585fe,flags=9,maximumSize=,minimumSize=,preferredSize=]
nov 04, 2023 7:06:04 P. M. java.awt.Component isMixingNeeded
DETALLADO: containing window = monopoly.windows.MainGameMenu[frame1,353,159,1000x700,invalid,hidden,layout=java.awt.BorderLayout,title=MONOPOLY,resizable,normal,defaultCloseOperation=DISPOSE_ON_CLOSE,rootPane=javax.swing.JRootPane[,7,30,986x663,invalid,layout=javax.swing.JRootPane$RootLayout,alignmentX=0.0,alignmentY=0.0,border=javax.swing.plaf.synth.SynthBorder@62a674b9,flags=16777673,maximumSize=,minimumSize=,preferredSize=],rootPaneCheckingEnabled=true]; has h/w descendants = false; has l/w descendants = true; disposing = false
nov 04, 2023 7:06:04 P. M. java.awt.Container mixOnValidating
DETALLADO: this = javax.swing.JPanel[null.glassPane,0,0,986x663,hidden,layout=java.awt.FlowLayout,alignmentX=0.0,alignmentY=0.0,border=javax.swing.plaf.synth.SynthBorder@58b7a694,flags=16777217,maximumSize=,minimumSize=,preferredSize=]
nov 04, 2023 7:06:04 P. M. java.awt.Component isMixingNeeded
DETALLADO: this = javax.swing.JPanel[null.glassPane,0,0,986x663,hidden,layout=java.awt.FlowLayout,alignmentX=0.0,alignmentY=0.0,border=javax.swing.plaf.synth.SynthBorder@58b7a694,flags=16777217,maximumSize=,minimumSize=,preferredSize=]; areBoundsValid = false
nov 04, 2023 7:06:04 P. M. java.awt.Container mixOnReshaping
DETALLADO: this = monopoly.windows.MainGameMenu$1[,0,0,0x663,invalid,layout=java.awt.FlowLayout,alignmentX=0.0,alignmentY=0.0,border=javax.swing.plaf.synth.SynthBorder@49d7b05b,flags=9,maximumSize=,minimumSize=,preferredSize=]
nov 04, 2023 7:06:04 P. M. java.awt.Component isMixingNeeded
DETALLADO: this = monopoly.windows.MainGameMenu$1[,0,0,0x663,invalid,layout=java.awt.FlowLayout,alignmentX=0.0,alignmentY=0.0,border=javax.swing.plaf.synth.SynthBorder@49d7b05b,flags=9,maximumSize=,minimumSize=,preferredSize=]; areBoundsValid = false
nov 04, 2023 7:06:04 P. M. java.awt.Container mixOnReshaping
DETALLADO: this = monopoly.windows.MainGameMenu$1[,0,0,663x663,invalid,layout=java.awt.FlowLayout,alignmentX=0.0,alignmentY=0.0,border=javax.swing.plaf.synth.SynthBorder@49d7b05b,flags=9,maximumSize=,minimumSize=,preferredSize=]
nov 04, 2023 7:06:04 P. M. java.awt.Component isMixingNeeded
DETALLADO: this = monopoly.windows.MainGameMenu$1[,0,0,663x663,invalid,layout=java.awt.FlowLayout,alignmentX=0.0,alignmentY=0.0,border=javax.swing.plaf.synth.SynthBorder@49d7b05b,flags=9,maximumSize=,minimumSize=,preferredSize=]; areBoundsValid = false
nov 04, 2023 7:06:04 P. M. java.awt.Container mixOnReshaping
DETALLADO: this = javax.swing.JPanel[,663,0,323x663,invalid,layout=javax.swing.BoxLayout,alignmentX=0.0,alignmentY=0.0,border=javax.swing.plaf.synth.SynthBorder@7aa2f82f,flags=9,maximumSize=,minimumSize=,preferredSize=java.awt.Dimension[width=300,height=2]]
nov 04, 2023 7:06:04 P. M. java.awt.Component isMixingNeeded
DETALLADO: this = javax.swing.JPanel[,663,0,323x663,invalid,layout=javax.swing.BoxLayout,alignmentX=0.0,alignmentY=0.0,border=javax.swing.plaf.synth.SynthBorder@7aa2f82f,flags=9,maximumSize=,minimumSize=,preferredSize=java.awt.Dimension[width=300,height=2]]; areBoundsValid = false
nov 04, 2023 7:06:04 P. M. java.awt.Container mixOnValidating
DETALLADO: this = monopoly.windows.MainGameMenu$1[,0,0,663x663,layout=java.awt.FlowLayout,alignmentX=0.0,alignmentY=0.0,border=javax.swing.plaf.synth.SynthBorder@49d7b05b,flags=9,maximumSize=,minimumSize=,preferredSize=]
nov 04, 2023 7:06:04 P. M. java.awt.Component isMixingNeeded
DETALLADO: this = monopoly.windows.MainGameMenu$1[,0,0,663x663,layout=java.awt.FlowLayout,alignmentX=0.0,alignmentY=0.0,border=javax.swing.plaf.synth.SynthBorder@49d7b05b,flags=9,maximumSize=,minimumSize=,preferredSize=]; areBoundsValid = false
nov 04, 2023 7:06:04 P. M. java.awt.Container mixOnReshaping
DETALLADO: this = javax.swing.Box$Filler[,0,0,323x583,invalid,alignmentX=0.0,alignmentY=0.0,border=,flags=0,maximumSize=,minimumSize=java.awt.Dimension[width=100,height=100],preferredSize=]
nov 04, 2023 7:06:04 P. M. java.awt.Component isMixingNeeded
DETALLADO: this = javax.swing.Box$Filler[,0,0,323x583,invalid,alignmentX=0.0,alignmentY=0.0,border=,flags=0,maximumSize=,minimumSize=java.awt.Dimension[width=100,height=100],preferredSize=]; areBoundsValid = false
nov 04, 2023 7:06:04 P. M. java.awt.Container mixOnReshaping
DETALLADO: this = javax.swing.JButton[,111,583,100x80,invalid,alignmentX=0.5,alignmentY=0.5,border=javax.swing.plaf.synth.SynthBorder@557201f9,flags=288,maximumSize=java.awt.Dimension[width=100,height=80],minimumSize=,preferredSize=java.awt.Dimension[width=100,height=80],defaultIcon=javax.swing.ImageIcon@21d338f0,disabledIcon=,disabledSelectedIcon=,margin=javax.swing.plaf.InsetsUIResource[top=0,left=0,bottom=0,right=0],paintBorder=true,paintFocus=true,pressedIcon=,rolloverEnabled=true,rolloverIcon=,rolloverSelectedIcon=,selectedIcon=,text=,defaultCapable=true]
nov 04, 2023 7:06:04 P. M. java.awt.Component isMixingNeeded
DETALLADO: this = javax.swing.JButton[,111,583,100x80,invalid,alignmentX=0.5,alignmentY=0.5,border=javax.swing.plaf.synth.SynthBorder@557201f9,flags=288,maximumSize=java.awt.Dimension[width=100,height=80],minimumSize=,preferredSize=java.awt.Dimension[width=100,height=80],defaultIcon=javax.swing.ImageIcon@21d338f0,disabledIcon=,disabledSelectedIcon=,margin=javax.swing.plaf.InsetsUIResource[top=0,left=0,bottom=0,right=0],paintBorder=true,paintFocus=true,pressedIcon=,rolloverEnabled=true,rolloverIcon=,rolloverSelectedIcon=,selectedIcon=,text=,defaultCapable=true]; areBoundsValid = false
nov 04, 2023 7:06:04 P. M. java.awt.Container mixOnValidating
DETALLADO: this = javax.swing.Box$Filler[,0,0,323x583,alignmentX=0.0,alignmentY=0.0,border=,flags=0,maximumSize=,minimumSize=java.awt.Dimension[width=100,height=100],preferredSize=]
nov 04, 2023 7:06:04 P. M. java.awt.Component isMixingNeeded
DETALLADO: this = javax.swing.Box$Filler[,0,0,323x583,alignmentX=0.0,alignmentY=0.0,border=,flags=0,maximumSize=,minimumSize=java.awt.Dimension[width=100,height=100],preferredSize=]; areBoundsValid = false
nov 04, 2023 7:06:04 P. M. java.awt.Container mixOnValidating
DETALLADO: this = javax.swing.JButton[,111,583,100x80,alignmentX=0.5,alignmentY=0.5,border=javax.swing.plaf.synth.SynthBorder@557201f9,flags=288,maximumSize=java.awt.Dimension[width=100,height=80],minimumSize=,preferredSize=java.awt.Dimension[width=100,height=80],defaultIcon=javax.swing.ImageIcon@21d338f0,disabledIcon=,disabledSelectedIcon=,margin=javax.swing.plaf.InsetsUIResource[top=0,left=0,bottom=0,right=0],paintBorder=true,paintFocus=true,pressedIcon=,rolloverEnabled=true,rolloverIcon=,rolloverSelectedIcon=,selectedIcon=,text=,defaultCapable=true]
nov 04, 2023 7:06:04 P. M. java.awt.Component isMixingNeeded
DETALLADO: this = javax.swing.JButton[,111,583,100x80,alignmentX=0.5,alignmentY=0.5,border=javax.swing.plaf.synth.SynthBorder@557201f9,flags=288,maximumSize=java.awt.Dimension[width=100,height=80],minimumSize=,preferredSize=java.awt.Dimension[width=100,height=80],defaultIcon=javax.swing.ImageIcon@21d338f0,disabledIcon=,disabledSelectedIcon=,margin=javax.swing.plaf.InsetsUIResource[top=0,left=0,bottom=0,right=0],paintBorder=true,paintFocus=true,pressedIcon=,rolloverEnabled=true,rolloverIcon=,rolloverSelectedIcon=,selectedIcon=,text=,defaultCapable=true]; areBoundsValid = false
nov 04, 2023 7:06:04 P. M. java.awt.Container mixOnValidating
DETALLADO: this = javax.swing.JPanel[,663,0,323x663,layout=javax.swing.BoxLayout,alignmentX=0.0,alignmentY=0.0,border=javax.swing.plaf.synth.SynthBorder@7aa2f82f,flags=9,maximumSize=,minimumSize=,preferredSize=java.awt.Dimension[width=300,height=2]]
nov 04, 2023 7:06:04 P. M. java.awt.Component isMixingNeeded
DETALLADO: this = javax.swing.JPanel[,663,0,323x663,layout=javax.swing.BoxLayout,alignmentX=0.0,alignmentY=0.0,border=javax.swing.plaf.synth.SynthBorder@7aa2f82f,flags=9,maximumSize=,minimumSize=,preferredSize=java.awt.Dimension[width=300,height=2]]; areBoundsValid = false
nov 04, 2023 7:06:04 P. M. java.awt.Container mixOnValidating
DETALLADO: this = javax.swing.JPanel[null.contentPane,0,0,986x663,layout=java.awt.BorderLayout,alignmentX=0.0,alignmentY=0.0,border=javax.swing.plaf.synth.SynthBorder@778585fe,flags=9,maximumSize=,minimumSize=,preferredSize=]
nov 04, 2023 7:06:04 P. M. java.awt.Component isMixingNeeded
DETALLADO: containing window = monopoly.windows.MainGameMenu[frame1,353,159,1000x700,invalid,hidden,layout=java.awt.BorderLayout,title=MONOPOLY,resizable,normal,defaultCloseOperation=DISPOSE_ON_CLOSE,rootPane=javax.swing.JRootPane[,7,30,986x663,invalid,layout=javax.swing.JRootPane$RootLayout,alignmentX=0.0,alignmentY=0.0,border=javax.swing.plaf.synth.SynthBorder@62a674b9,flags=16777673,maximumSize=,minimumSize=,preferredSize=],rootPaneCheckingEnabled=true]; has h/w descendants = false; has l/w descendants = true; disposing = false
nov 04, 2023 7:06:04 P. M. java.awt.Container mixOnValidating
DETALLADO: this = javax.swing.JLayeredPane[null.layeredPane,0,0,986x663,alignmentX=0.0,alignmentY=0.0,border=,flags=0,maximumSize=,minimumSize=,preferredSize=,optimizedDrawingPossible=true]
nov 04, 2023 7:06:04 P. M. java.awt.Component isMixingNeeded
DETALLADO: this = javax.swing.JLayeredPane[null.layeredPane,0,0,986x663,alignmentX=0.0,alignmentY=0.0,border=,flags=0,maximumSize=,minimumSize=,preferredSize=,optimizedDrawingPossible=true]; areBoundsValid = false
nov 04, 2023 7:06:04 P. M. java.awt.Container mixOnValidating
DETALLADO: this = javax.swing.JRootPane[,7,30,986x663,layout=javax.swing.JRootPane$RootLayout,alignmentX=0.0,alignmentY=0.0,border=javax.swing.plaf.synth.SynthBorder@62a674b9,flags=16777673,maximumSize=,minimumSize=,preferredSize=]
nov 04, 2023 7:06:04 P. M. java.awt.Component isMixingNeeded
DETALLADO: this = javax.swing.JRootPane[,7,30,986x663,layout=javax.swing.JRootPane$RootLayout,alignmentX=0.0,alignmentY=0.0,border=javax.swing.plaf.synth.SynthBorder@62a674b9,flags=16777673,maximumSize=,minimumSize=,preferredSize=]; areBoundsValid = false
nov 04, 2023 7:06:04 P. M. java.awt.Container mixOnValidating
DETALLADO: this = monopoly.windows.MainGameMenu[frame1,353,159,1000x700,hidden,layout=java.awt.BorderLayout,title=MONOPOLY,resizable,normal,defaultCloseOperation=DISPOSE_ON_CLOSE,rootPane=javax.swing.JRootPane[,7,30,986x663,layout=javax.swing.JRootPane$RootLayout,alignmentX=0.0,alignmentY=0.0,border=javax.swing.plaf.synth.SynthBorder@62a674b9,flags=16777673,maximumSize=,minimumSize=,preferredSize=],rootPaneCheckingEnabled=true]
nov 04, 2023 7:06:04 P. M. java.awt.Component isMixingNeeded
DETALLADO: containing window = monopoly.windows.MainGameMenu[frame1,353,159,1000x700,hidden,layout=java.awt.BorderLayout,title=MONOPOLY,resizable,normal,defaultCloseOperation=DISPOSE_ON_CLOSE,rootPane=javax.swing.JRootPane[,7,30,986x663,layout=javax.swing.JRootPane$RootLayout,alignmentX=0.0,alignmentY=0.0,border=javax.swing.plaf.synth.SynthBorder@62a674b9,flags=16777673,maximumSize=,minimumSize=,preferredSize=],rootPaneCheckingEnabled=true]; has h/w descendants = false; has l/w descendants = true; disposing = false
nov 04, 2023 7:06:04 P. M. java.awt.Container mixOnShowing
DETALLADO: this = monopoly.windows.MainGameMenu[frame1,353,159,1000x700,layout=java.awt.BorderLayout,title=MONOPOLY,resizable,normal,defaultCloseOperation=DISPOSE_ON_CLOSE,rootPane=javax.swing.JRootPane[,7,30,986x663,layout=javax.swing.JRootPane$RootLayout,alignmentX=0.0,alignmentY=0.0,border=javax.swing.plaf.synth.SynthBorder@62a674b9,flags=16777673,maximumSize=,minimumSize=,preferredSize=],rootPaneCheckingEnabled=true]
nov 04, 2023 7:06:04 P. M. java.awt.Component isMixingNeeded
DETALLADO: containing window = monopoly.windows.MainGameMenu[frame1,353,159,1000x700,layout=java.awt.BorderLayout,title=MONOPOLY,resizable,normal,defaultCloseOperation=DISPOSE_ON_CLOSE,rootPane=javax.swing.JRootPane[,7,30,986x663,layout=javax.swing.JRootPane$RootLayout,alignmentX=0.0,alignmentY=0.0,border=javax.swing.plaf.synth.SynthBorder@62a674b9,flags=16777673,maximumSize=,minimumSize=,preferredSize=],rootPaneCheckingEnabled=true]; has h/w descendants = false; has l/w descendants = true; disposing = false
nov 04, 2023 7:06:04 P. M. java.awt.Container mixOnHiding
DETALLADO: this = monopoly.windows.MainMenu[frame0,182,43,1000x700,hidden,layout=java.awt.BorderLayout,title=MONOPOLY,resizable,normal,defaultCloseOperation=DISPOSE_ON_CLOSE,rootPane=javax.swing.JRootPane[,7,30,986x663,layout=javax.swing.JRootPane$RootLayout,alignmentX=0.0,alignmentY=0.0,border=,flags=16777673,maximumSize=,minimumSize=,preferredSize=],rootPaneCheckingEnabled=true]; isLightweight=false
nov 04, 2023 7:06:04 P. M. java.awt.Component mixOnHiding
DETALLADO: this = monopoly.windows.MainMenu[frame0,182,43,1000x700,hidden,layout=java.awt.BorderLayout,title=MONOPOLY,resizable,normal,defaultCloseOperation=DISPOSE_ON_CLOSE,rootPane=javax.swing.JRootPane[,7,30,986x663,layout=javax.swing.JRootPane$RootLayout,alignmentX=0.0,alignmentY=0.0,border=,flags=16777673,maximumSize=,minimumSize=,preferredSize=],rootPaneCheckingEnabled=true]; isLightweight = false
nov 04, 2023 7:06:04 P. M. java.awt.Component isMixingNeeded
DETALLADO: containing window = monopoly.windows.MainMenu[frame0,182,43,1000x700,hidden,layout=java.awt.BorderLayout,title=MONOPOLY,resizable,normal,defaultCloseOperation=DISPOSE_ON_CLOSE,rootPane=javax.swing.JRootPane[,7,30,986x663,layout=javax.swing.JRootPane$RootLayout,alignmentX=0.0,alignmentY=0.0,border=,flags=16777673,maximumSize=,minimumSize=,preferredSize=],rootPaneCheckingEnabled=true]; has h/w descendants = false; has l/w descendants = true; disposing = false
nov 04, 2023 7:06:04 P. M. sun.awt.KeyboardFocusManagerPeerImpl clearGlobalFocusOwner
DETALLADO: Clearing global focus owner null
nov 04, 2023 7:06:04 P. M. java.awt.Container mixOnValidating
DETALLADO: this = monopoly.windows.MainGameMenu[frame1,353,159,1000x700,layout=java.awt.BorderLayout,title=MONOPOLY,resizable,normal,defaultCloseOperation=DISPOSE_ON_CLOSE,rootPane=javax.swing.JRootPane[,7,30,986x663,layout=javax.swing.JRootPane$RootLayout,alignmentX=0.0,alignmentY=0.0,border=javax.swing.plaf.synth.SynthBorder@62a674b9,flags=16777673,maximumSize=,minimumSize=,preferredSize=],rootPaneCheckingEnabled=true]
nov 04, 2023 7:06:04 P. M. java.awt.Component isMixingNeeded
DETALLADO: containing window = monopoly.windows.MainGameMenu[frame1,353,159,1000x700,layout=java.awt.BorderLayout,title=MONOPOLY,resizable,normal,defaultCloseOperation=DISPOSE_ON_CLOSE,rootPane=javax.swing.JRootPane[,7,30,986x663,layout=javax.swing.JRootPane$RootLayout,alignmentX=0.0,alignmentY=0.0,border=javax.swing.plaf.synth.SynthBorder@62a674b9,flags=16777673,maximumSize=,minimumSize=,preferredSize=],rootPaneCheckingEnabled=true]; has h/w descendants = false; has l/w descendants = true; disposing = false
nov 04, 2023 7:06:04 P. M. java.awt.DefaultKeyboardFocusManager dispatchEvent
DETALLADO: sun.awt.TimedWindowEvent[WINDOW_LOST_FOCUS,opposite=monopoly.windows.MainGameMenu[frame1,353,159,1000x700,layout=java.awt.BorderLayout,title=MONOPOLY,resizable,normal,defaultCloseOperation=DISPOSE_ON_CLOSE,rootPane=javax.swing.JRootPane[,7,30,986x663,layout=javax.swing.JRootPane$RootLayout,alignmentX=0.0,alignmentY=0.0,border=javax.swing.plaf.synth.SynthBorder@62a674b9,flags=16777673,maximumSize=,minimumSize=,preferredSize=],rootPaneCheckingEnabled=true],oldState=0,newState=0] on frame0
nov 04, 2023 7:06:04 P. M. java.awt.DefaultKeyboardFocusManager dispatchEvent
DETALLADO: Active monopoly.windows.MainMenu[frame0,182,43,1000x700,hidden,layout=java.awt.BorderLayout,title=MONOPOLY,resizable,normal,defaultCloseOperation=DISPOSE_ON_CLOSE,rootPane=javax.swing.JRootPane[,7,30,986x663,layout=javax.swing.JRootPane$RootLayout,alignmentX=0.0,alignmentY=0.0,border=,flags=16777673,maximumSize=,minimumSize=,preferredSize=],rootPaneCheckingEnabled=true], Current focused monopoly.windows.MainMenu[frame0,182,43,1000x700,hidden,layout=java.awt.BorderLayout,title=MONOPOLY,resizable,normal,defaultCloseOperation=DISPOSE_ON_CLOSE,rootPane=javax.swing.JRootPane[,7,30,986x663,layout=javax.swing.JRootPane$RootLayout,alignmentX=0.0,alignmentY=0.0,border=,flags=16777673,maximumSize=,minimumSize=,preferredSize=],rootPaneCheckingEnabled=true], losing focus monopoly.windows.MainMenu[frame0,182,43,1000x700,hidden,layout=java.awt.BorderLayout,title=MONOPOLY,resizable,normal,defaultCloseOperation=DISPOSE_ON_CLOSE,rootPane=javax.swing.JRootPane[,7,30,986x663,layout=javax.swing.JRootPane$RootLayout,alignmentX=0.0,alignmentY=0.0,border=,flags=16777673,maximumSize=,minimumSize=,preferredSize=],rootPaneCheckingEnabled=true] opposite monopoly.windows.MainGameMenu[frame1,353,159,1000x700,layout=java.awt.BorderLayout,title=MONOPOLY,resizable,normal,defaultCloseOperation=DISPOSE_ON_CLOSE,rootPane=javax.swing.JRootPane[,7,30,986x663,layout=javax.swing.JRootPane$RootLayout,alignmentX=0.0,alignmentY=0.0,border=javax.swing.plaf.synth.SynthBorder@62a674b9,flags=16777673,maximumSize=,minimumSize=,preferredSize=],rootPaneCheckingEnabled=true]
nov 04, 2023 7:06:04 P. M. javax.swing.SortingFocusTraversalPolicy getFirstComponent
DETALLADO: ### Getting first component in monopoly.windows.MainGameMenu[frame1,353,159,1000x700,layout=java.awt.BorderLayout,title=MONOPOLY,resizable,normal,defaultCloseOperation=DISPOSE_ON_CLOSE,rootPane=javax.swing.JRootPane[,7,30,986x663,layout=javax.swing.JRootPane$RootLayout,alignmentX=0.0,alignmentY=0.0,border=javax.swing.plaf.synth.SynthBorder@62a674b9,flags=16777673,maximumSize=,minimumSize=,preferredSize=],rootPaneCheckingEnabled=true]
nov 04, 2023 7:06:04 P. M. javax.swing.SortingFocusTraversalPolicy getFirstComponent
DETALLADO: ### Cycle is [monopoly.windows.MainGameMenu[frame1,353,159,1000x700,layout=java.awt.BorderLayout,title=MONOPOLY,resizable,normal,defaultCloseOperation=DISPOSE_ON_CLOSE,rootPane=javax.swing.JRootPane[,7,30,986x663,layout=javax.swing.JRootPane$RootLayout,alignmentX=0.0,alignmentY=0.0,border=javax.swing.plaf.synth.SynthBorder@62a674b9,flags=16777673,maximumSize=,minimumSize=,preferredSize=],rootPaneCheckingEnabled=true], javax.swing.JRootPane[,7,30,986x663,layout=javax.swing.JRootPane$RootLayout,alignmentX=0.0,alignmentY=0.0,border=javax.swing.plaf.synth.SynthBorder@62a674b9,flags=16777673,maximumSize=,minimumSize=,preferredSize=], javax.swing.JLayeredPane[null.layeredPane,0,0,986x663,alignmentX=0.0,alignmentY=0.0,border=,flags=0,maximumSize=,minimumSize=,preferredSize=,optimizedDrawingPossible=true], javax.swing.JPanel[null.contentPane,0,0,986x663,layout=java.awt.BorderLayout,alignmentX=0.0,alignmentY=0.0,border=javax.swing.plaf.synth.SynthBorder@778585fe,flags=9,maximumSize=,minimumSize=,preferredSize=], monopoly.windows.MainGameMenu$1[,0,0,663x663,layout=java.awt.FlowLayout,alignmentX=0.0,alignmentY=0.0,border=javax.swing.plaf.synth.SynthBorder@49d7b05b,flags=9,maximumSize=,minimumSize=,preferredSize=], javax.swing.JPanel[,663,0,323x663,layout=javax.swing.BoxLayout,alignmentX=0.0,alignmentY=0.0,border=javax.swing.plaf.synth.SynthBorder@7aa2f82f,flags=9,maximumSize=,minimumSize=,preferredSize=java.awt.Dimension[width=300,height=2]], javax.swing.Box$Filler[,0,0,323x583,alignmentX=0.0,alignmentY=0.0,border=,flags=0,maximumSize=,minimumSize=java.awt.Dimension[width=100,height=100],preferredSize=], javax.swing.JButton[,111,583,100x80,alignmentX=0.5,alignmentY=0.5,border=javax.swing.plaf.synth.SynthBorder@557201f9,flags=288,maximumSize=java.awt.Dimension[width=100,height=80],minimumSize=,preferredSize=java.awt.Dimension[width=100,height=80],defaultIcon=javax.swing.ImageIcon@21d338f0,disabledIcon=,disabledSelectedIcon=,margin=javax.swing.plaf.InsetsUIResource[top=0,left=0,bottom=0,right=0],paintBorder=true,paintFocus=true,pressedIcon=,rolloverEnabled=true,rolloverIcon=,rolloverSelectedIcon=,selectedIcon=,text=,defaultCapable=true]]
nov 04, 2023 7:06:04 P. M. java.awt.DefaultKeyboardFocusManager dispatchEvent
DETALLADO: java.awt.event.FocusEvent[FOCUS_LOST,permanent,opposite=null,cause=CLEAR_GLOBAL_FOCUS_OWNER] on monopoly.windows.MainMenu$1[,25,107,436x81,alignmentX=0.5,alignmentY=0.5,border=javax.swing.plaf.synth.SynthBorder@7980bda2,flags=288,maximumSize=,minimumSize=,preferredSize=,defaultIcon=,disabledIcon=,disabledSelectedIcon=,margin=javax.swing.plaf.InsetsUIResource[top=0,left=0,bottom=0,right=0],paintBorder=true,paintFocus=true,pressedIcon=,rolloverEnabled=true,rolloverIcon=,rolloverSelectedIcon=,selectedIcon=,text=PLAY,defaultCapable=true]
nov 04, 2023 7:06:04 P. M. java.awt.DefaultKeyboardFocusManager dispatchEvent
DETALLADO: sun.awt.TimedWindowEvent[WINDOW_GAINED_FOCUS,opposite=monopoly.windows.MainMenu[frame0,182,43,1000x700,hidden,layout=java.awt.BorderLayout,title=MONOPOLY,resizable,normal,defaultCloseOperation=DISPOSE_ON_CLOSE,rootPane=javax.swing.JRootPane[,7,30,986x663,layout=javax.swing.JRootPane$RootLayout,alignmentX=0.0,alignmentY=0.0,border=,flags=16777673,maximumSize=,minimumSize=,preferredSize=],rootPaneCheckingEnabled=true],oldState=0,newState=0] on frame1
nov 04, 2023 7:06:04 P. M. java.awt.DefaultKeyboardFocusManager dispatchEvent
DETALLADO: java.awt.event.WindowEvent[WINDOW_ACTIVATED,opposite=monopoly.windows.MainMenu[frame0,182,43,1000x700,hidden,layout=java.awt.BorderLayout,title=MONOPOLY,resizable,normal,defaultCloseOperation=DISPOSE_ON_CLOSE,rootPane=javax.swing.JRootPane[,7,30,986x663,layout=javax.swing.JRootPane$RootLayout,alignmentX=0.0,alignmentY=0.0,border=,flags=16777673,maximumSize=,minimumSize=,preferredSize=],rootPaneCheckingEnabled=true],oldState=0,newState=0] on frame1
nov 04, 2023 7:06:04 P. M. java.awt.DefaultKeyboardFocusManager dispatchEvent
DETALLADO: java.awt.event.WindowEvent[WINDOW_DEACTIVATED,opposite=monopoly.windows.MainGameMenu[frame1,353,159,1000x700,layout=java.awt.BorderLayout,title=MONOPOLY,resizable,normal,defaultCloseOperation=DISPOSE_ON_CLOSE,rootPane=javax.swing.JRootPane[,7,30,986x663,layout=javax.swing.JRootPane$RootLayout,alignmentX=0.0,alignmentY=0.0,border=javax.swing.plaf.synth.SynthBorder@62a674b9,flags=16777673,maximumSize=,minimumSize=,preferredSize=],rootPaneCheckingEnabled=true],oldState=0,newState=0] on frame0
nov 04, 2023 7:06:04 P. M. javax.swing.SortingFocusTraversalPolicy getFirstComponent
DETALLADO: ### Getting first component in monopoly.windows.MainGameMenu[frame1,353,159,1000x700,layout=java.awt.BorderLayout,title=MONOPOLY,resizable,normal,defaultCloseOperation=DISPOSE_ON_CLOSE,rootPane=javax.swing.JRootPane[,7,30,986x663,layout=javax.swing.JRootPane$RootLayout,alignmentX=0.0,alignmentY=0.0,border=javax.swing.plaf.synth.SynthBorder@62a674b9,flags=16777673,maximumSize=,minimumSize=,preferredSize=],rootPaneCheckingEnabled=true]
nov 04, 2023 7:06:04 P. M. javax.swing.SortingFocusTraversalPolicy getFirstComponent
DETALLADO: ### Cycle is [monopoly.windows.MainGameMenu[frame1,353,159,1000x700,layout=java.awt.BorderLayout,title=MONOPOLY,resizable,normal,defaultCloseOperation=DISPOSE_ON_CLOSE,rootPane=javax.swing.JRootPane[,7,30,986x663,layout=javax.swing.JRootPane$RootLayout,alignmentX=0.0,alignmentY=0.0,border=javax.swing.plaf.synth.SynthBorder@62a674b9,flags=16777673,maximumSize=,minimumSize=,preferredSize=],rootPaneCheckingEnabled=true], javax.swing.JRootPane[,7,30,986x663,layout=javax.swing.JRootPane$RootLayout,alignmentX=0.0,alignmentY=0.0,border=javax.swing.plaf.synth.SynthBorder@62a674b9,flags=16777673,maximumSize=,minimumSize=,preferredSize=], javax.swing.JLayeredPane[null.layeredPane,0,0,986x663,alignmentX=0.0,alignmentY=0.0,border=,flags=0,maximumSize=,minimumSize=,preferredSize=,optimizedDrawingPossible=true], javax.swing.JPanel[null.contentPane,0,0,986x663,layout=java.awt.BorderLayout,alignmentX=0.0,alignmentY=0.0,border=javax.swing.plaf.synth.SynthBorder@778585fe,flags=9,maximumSize=,minimumSize=,preferredSize=], monopoly.windows.MainGameMenu$1[,0,0,663x663,layout=java.awt.FlowLayout,alignmentX=0.0,alignmentY=0.0,border=javax.swing.plaf.synth.SynthBorder@49d7b05b,flags=9,maximumSize=,minimumSize=,preferredSize=], javax.swing.JPanel[,663,0,323x663,layout=javax.swing.BoxLayout,alignmentX=0.0,alignmentY=0.0,border=javax.swing.plaf.synth.SynthBorder@7aa2f82f,flags=9,maximumSize=,minimumSize=,preferredSize=java.awt.Dimension[width=300,height=2]], javax.swing.Box$Filler[,0,0,323x583,alignmentX=0.0,alignmentY=0.0,border=,flags=0,maximumSize=,minimumSize=java.awt.Dimension[width=100,height=100],preferredSize=], javax.swing.JButton[,111,583,100x80,alignmentX=0.5,alignmentY=0.5,border=javax.swing.plaf.synth.SynthBorder@557201f9,flags=288,maximumSize=java.awt.Dimension[width=100,height=80],minimumSize=,preferredSize=java.awt.Dimension[width=100,height=80],defaultIcon=javax.swing.ImageIcon@21d338f0,disabledIcon=,disabledSelectedIcon=,margin=javax.swing.plaf.InsetsUIResource[top=0,left=0,bottom=0,right=0],paintBorder=true,paintFocus=true,pressedIcon=,rolloverEnabled=true,rolloverIcon=,rolloverSelectedIcon=,selectedIcon=,text=,defaultCapable=true]]
nov 04, 2023 7:06:04 P. M. java.awt.Container mixOnValidating
DETALLADO: this = monopoly.windows.MainGameMenu[frame1,353,159,1000x700,layout=java.awt.BorderLayout,title=MONOPOLY,resizable,normal,defaultCloseOperation=DISPOSE_ON_CLOSE,rootPane=javax.swing.JRootPane[,7,30,986x663,layout=javax.swing.JRootPane$RootLayout,alignmentX=0.0,alignmentY=0.0,border=javax.swing.plaf.synth.SynthBorder@62a674b9,flags=16777673,maximumSize=,minimumSize=,preferredSize=],rootPaneCheckingEnabled=true]
nov 04, 2023 7:06:04 P. M. java.awt.Component isMixingNeeded
DETALLADO: containing window = monopoly.windows.MainGameMenu[frame1,353,159,1000x700,layout=java.awt.BorderLayout,title=MONOPOLY,resizable,normal,defaultCloseOperation=DISPOSE_ON_CLOSE,rootPane=javax.swing.JRootPane[,7,30,986x663,layout=javax.swing.JRootPane$RootLayout,alignmentX=0.0,alignmentY=0.0,border=javax.swing.plaf.synth.SynthBorder@62a674b9,flags=16777673,maximumSize=,minimumSize=,preferredSize=],rootPaneCheckingEnabled=true]; has h/w descendants = false; has l/w descendants = true; disposing = false
nov 04, 2023 7:06:04 P. M. java.awt.DefaultKeyboardFocusManager dispatchEvent
DETALLADO: java.awt.event.WindowEvent[WINDOW_OPENED,opposite=null,oldState=0,newState=0] on frame1
nov 04, 2023 7:06:04 P. M. java.awt.DefaultKeyboardFocusManager dispatchEvent
DETALLADO: java.awt.event.FocusEvent[FOCUS_GAINED,permanent,opposite=null,cause=ACTIVATION] on javax.swing.JButton[,111,583,100x80,alignmentX=0.5,alignmentY=0.5,border=javax.swing.plaf.synth.SynthBorder@557201f9,flags=288,maximumSize=java.awt.Dimension[width=100,height=80],minimumSize=,preferredSize=java.awt.Dimension[width=100,height=80],defaultIcon=javax.swing.ImageIcon@21d338f0,disabledIcon=,disabledSelectedIcon=,margin=javax.swing.plaf.InsetsUIResource[top=0,left=0,bottom=0,right=0],paintBorder=true,paintFocus=true,pressedIcon=,rolloverEnabled=true,rolloverIcon=,rolloverSelectedIcon=,selectedIcon=,text=,defaultCapable=true]
nov 04, 2023 7:06:04 P. M. sun.awt.im.InputContext activateInputMethod
DETALLADO: Current client component javax.swing.JButton[,111,583,100x80,alignmentX=0.5,alignmentY=0.5,border=javax.swing.plaf.synth.SynthBorder@557201f9,flags=288,maximumSize=java.awt.Dimension[width=100,height=80],minimumSize=,preferredSize=java.awt.Dimension[width=100,height=80],defaultIcon=javax.swing.ImageIcon@21d338f0,disabledIcon=,disabledSelectedIcon=,margin=javax.swing.plaf.InsetsUIResource[top=0,left=0,bottom=0,right=0],paintBorder=true,paintFocus=true,pressedIcon=,rolloverEnabled=true,rolloverIcon=,rolloverSelectedIcon=,selectedIcon=,text=,defaultCapable=true]
nov 04, 2023 7:06:26 P. M. java.awt.DefaultKeyboardFocusManager dispatchEvent
DETALLADO: sun.awt.TimedWindowEvent[WINDOW_CLOSING,opposite=null,oldState=0,newState=0] on frame1
nov 04, 2023 7:06:26 P. M. java.awt.Container mixOnHiding
DETALLADO: this = monopoly.windows.MainGameMenu[frame1,353,159,1000x700,hidden,layout=java.awt.BorderLayout,title=MONOPOLY,resizable,normal,defaultCloseOperation=DISPOSE_ON_CLOSE,rootPane=javax.swing.JRootPane[,7,30,986x663,layout=javax.swing.JRootPane$RootLayout,alignmentX=0.0,alignmentY=0.0,border=javax.swing.plaf.synth.SynthBorder@62a674b9,flags=16777673,maximumSize=,minimumSize=,preferredSize=],rootPaneCheckingEnabled=true]; isLightweight=false
nov 04, 2023 7:06:26 P. M. java.awt.Component mixOnHiding
DETALLADO: this = monopoly.windows.MainGameMenu[frame1,353,159,1000x700,hidden,layout=java.awt.BorderLayout,title=MONOPOLY,resizable,normal,defaultCloseOperation=DISPOSE_ON_CLOSE,rootPane=javax.swing.JRootPane[,7,30,986x663,layout=javax.swing.JRootPane$RootLayout,alignmentX=0.0,alignmentY=0.0,border=javax.swing.plaf.synth.SynthBorder@62a674b9,flags=16777673,maximumSize=,minimumSize=,preferredSize=],rootPaneCheckingEnabled=true]; isLightweight = false
nov 04, 2023 7:06:26 P. M. java.awt.Component isMixingNeeded
DETALLADO: containing window = monopoly.windows.MainGameMenu[frame1,353,159,1000x700,hidden,layout=java.awt.BorderLayout,title=MONOPOLY,resizable,normal,defaultCloseOperation=DISPOSE_ON_CLOSE,rootPane=javax.swing.JRootPane[,7,30,986x663,layout=javax.swing.JRootPane$RootLayout,alignmentX=0.0,alignmentY=0.0,border=javax.swing.plaf.synth.SynthBorder@62a674b9,flags=16777673,maximumSize=,minimumSize=,preferredSize=],rootPaneCheckingEnabled=true]; has h/w descendants = false; has l/w descendants = true; disposing = true
nov 04, 2023 7:06:26 P. M. sun.awt.KeyboardFocusManagerPeerImpl clearGlobalFocusOwner
DETALLADO: Clearing global focus owner javax.swing.JButton[,111,583,100x80,alignmentX=0.5,alignmentY=0.5,border=javax.swing.plaf.synth.SynthBorder@557201f9,flags=288,maximumSize=java.awt.Dimension[width=100,height=80],minimumSize=,preferredSize=java.awt.Dimension[width=100,height=80],defaultIcon=javax.swing.ImageIcon@21d338f0,disabledIcon=,disabledSelectedIcon=,margin=javax.swing.plaf.InsetsUIResource[top=0,left=0,bottom=0,right=0],paintBorder=true,paintFocus=true,pressedIcon=,rolloverEnabled=true,rolloverIcon=,rolloverSelectedIcon=,selectedIcon=,text=,defaultCapable=true]
nov 04, 2023 7:06:26 P. M. java.awt.Container mixOnHiding
DETALLADO: this = javax.swing.JButton[,111,583,100x80,invalid,alignmentX=0.5,alignmentY=0.5,border=javax.swing.plaf.synth.SynthBorder@557201f9,flags=288,maximumSize=java.awt.Dimension[width=100,height=80],minimumSize=,preferredSize=java.awt.Dimension[width=100,height=80],defaultIcon=javax.swing.ImageIcon@21d338f0,disabledIcon=,disabledSelectedIcon=,margin=javax.swing.plaf.InsetsUIResource[top=0,left=0,bottom=0,right=0],paintBorder=true,paintFocus=true,pressedIcon=,rolloverEnabled=true,rolloverIcon=,rolloverSelectedIcon=,selectedIcon=,text=,defaultCapable=true]; isLightweight=true
nov 04, 2023 7:06:26 P. M. java.awt.Component mixOnHiding
DETALLADO: this = javax.swing.JButton[,111,583,100x80,invalid,alignmentX=0.5,alignmentY=0.5,border=javax.swing.plaf.synth.SynthBorder@557201f9,flags=288,maximumSize=java.awt.Dimension[width=100,height=80],minimumSize=,preferredSize=java.awt.Dimension[width=100,height=80],defaultIcon=javax.swing.ImageIcon@21d338f0,disabledIcon=,disabledSelectedIcon=,margin=javax.swing.plaf.InsetsUIResource[top=0,left=0,bottom=0,right=0],paintBorder=true,paintFocus=true,pressedIcon=,rolloverEnabled=true,rolloverIcon=,rolloverSelectedIcon=,selectedIcon=,text=,defaultCapable=true]; isLightweight = true
nov 04, 2023 7:06:26 P. M. java.awt.Component isMixingNeeded
DETALLADO: containing window = monopoly.windows.MainGameMenu[frame1,353,159,1000x700,hidden,layout=java.awt.BorderLayout,title=MONOPOLY,resizable,normal,defaultCloseOperation=DISPOSE_ON_CLOSE,rootPane=javax.swing.JRootPane[,7,30,986x663,layout=javax.swing.JRootPane$RootLayout,alignmentX=0.0,alignmentY=0.0,border=javax.swing.plaf.synth.SynthBorder@62a674b9,flags=16777673,maximumSize=,minimumSize=,preferredSize=],rootPaneCheckingEnabled=true]; has h/w descendants = false; has l/w descendants = true; disposing = true
nov 04, 2023 7:06:26 P. M. java.awt.Container mixOnHiding
DETALLADO: this = javax.swing.Box$Filler[,0,0,323x583,invalid,alignmentX=0.0,alignmentY=0.0,border=,flags=0,maximumSize=,minimumSize=java.awt.Dimension[width=100,height=100],preferredSize=]; isLightweight=true
nov 04, 2023 7:06:26 P. M. java.awt.Component mixOnHiding
DETALLADO: this = javax.swing.Box$Filler[,0,0,323x583,invalid,alignmentX=0.0,alignmentY=0.0,border=,flags=0,maximumSize=,minimumSize=java.awt.Dimension[width=100,height=100],preferredSize=]; isLightweight = true
nov 04, 2023 7:06:26 P. M. java.awt.Component isMixingNeeded
DETALLADO: containing window = monopoly.windows.MainGameMenu[frame1,353,159,1000x700,hidden,layout=java.awt.BorderLayout,title=MONOPOLY,resizable,normal,defaultCloseOperation=DISPOSE_ON_CLOSE,rootPane=javax.swing.JRootPane[,7,30,986x663,layout=javax.swing.JRootPane$RootLayout,alignmentX=0.0,alignmentY=0.0,border=javax.swing.plaf.synth.SynthBorder@62a674b9,flags=16777673,maximumSize=,minimumSize=,preferredSize=],rootPaneCheckingEnabled=true]; has h/w descendants = false; has l/w descendants = true; disposing = true
nov 04, 2023 7:06:26 P. M. java.awt.Container mixOnHiding
DETALLADO: this = javax.swing.JPanel[,663,0,323x663,invalid,layout=javax.swing.BoxLayout,alignmentX=0.0,alignmentY=0.0,border=javax.swing.plaf.synth.SynthBorder@7aa2f82f,flags=9,maximumSize=,minimumSize=,preferredSize=java.awt.Dimension[width=300,height=2]]; isLightweight=true
nov 04, 2023 7:06:26 P. M. java.awt.Component mixOnHiding
DETALLADO: this = javax.swing.JPanel[,663,0,323x663,invalid,layout=javax.swing.BoxLayout,alignmentX=0.0,alignmentY=0.0,border=javax.swing.plaf.synth.SynthBorder@7aa2f82f,flags=9,maximumSize=,minimumSize=,preferredSize=java.awt.Dimension[width=300,height=2]]; isLightweight = true
nov 04, 2023 7:06:26 P. M. java.awt.Component isMixingNeeded
DETALLADO: containing window = monopoly.windows.MainGameMenu[frame1,353,159,1000x700,hidden,layout=java.awt.BorderLayout,title=MONOPOLY,resizable,normal,defaultCloseOperation=DISPOSE_ON_CLOSE,rootPane=javax.swing.JRootPane[,7,30,986x663,layout=javax.swing.JRootPane$RootLayout,alignmentX=0.0,alignmentY=0.0,border=javax.swing.plaf.synth.SynthBorder@62a674b9,flags=16777673,maximumSize=,minimumSize=,preferredSize=],rootPaneCheckingEnabled=true]; has h/w descendants = false; has l/w descendants = true; disposing = true
nov 04, 2023 7:06:26 P. M. java.awt.Container mixOnHiding
DETALLADO: this = monopoly.windows.MainGameMenu$1[,0,0,663x663,invalid,layout=java.awt.FlowLayout,alignmentX=0.0,alignmentY=0.0,border=javax.swing.plaf.synth.SynthBorder@49d7b05b,flags=9,maximumSize=,minimumSize=,preferredSize=]; isLightweight=true
nov 04, 2023 7:06:26 P. M. java.awt.Component mixOnHiding
DETALLADO: this = monopoly.windows.MainGameMenu$1[,0,0,663x663,invalid,layout=java.awt.FlowLayout,alignmentX=0.0,alignmentY=0.0,border=javax.swing.plaf.synth.SynthBorder@49d7b05b,flags=9,maximumSize=,minimumSize=,preferredSize=]; isLightweight = true
nov 04, 2023 7:06:26 P. M. java.awt.Component isMixingNeeded
DETALLADO: containing window = monopoly.windows.MainGameMenu[frame1,353,159,1000x700,hidden,layout=java.awt.BorderLayout,title=MONOPOLY,resizable,normal,defaultCloseOperation=DISPOSE_ON_CLOSE,rootPane=javax.swing.JRootPane[,7,30,986x663,layout=javax.swing.JRootPane$RootLayout,alignmentX=0.0,alignmentY=0.0,border=javax.swing.plaf.synth.SynthBorder@62a674b9,flags=16777673,maximumSize=,minimumSize=,preferredSize=],rootPaneCheckingEnabled=true]; has h/w descendants = false; has l/w descendants = true; disposing = true
nov 04, 2023 7:06:26 P. M. java.awt.Container mixOnHiding
DETALLADO: this = javax.swing.JPanel[null.contentPane,0,0,986x663,invalid,layout=java.awt.BorderLayout,alignmentX=0.0,alignmentY=0.0,border=javax.swing.plaf.synth.SynthBorder@778585fe,flags=9,maximumSize=,minimumSize=,preferredSize=]; isLightweight=true
nov 04, 2023 7:06:26 P. M. java.awt.Component mixOnHiding
DETALLADO: this = javax.swing.JPanel[null.contentPane,0,0,986x663,invalid,layout=java.awt.BorderLayout,alignmentX=0.0,alignmentY=0.0,border=javax.swing.plaf.synth.SynthBorder@778585fe,flags=9,maximumSize=,minimumSize=,preferredSize=]; isLightweight = true
nov 04, 2023 7:06:26 P. M. java.awt.Component isMixingNeeded
DETALLADO: containing window = monopoly.windows.MainGameMenu[frame1,353,159,1000x700,hidden,layout=java.awt.BorderLayout,title=MONOPOLY,resizable,normal,defaultCloseOperation=DISPOSE_ON_CLOSE,rootPane=javax.swing.JRootPane[,7,30,986x663,layout=javax.swing.JRootPane$RootLayout,alignmentX=0.0,alignmentY=0.0,border=javax.swing.plaf.synth.SynthBorder@62a674b9,flags=16777673,maximumSize=,minimumSize=,preferredSize=],rootPaneCheckingEnabled=true]; has h/w descendants = false; has l/w descendants = true; disposing = true
nov 04, 2023 7:06:26 P. M. java.awt.Container mixOnHiding
DETALLADO: this = javax.swing.JLayeredPane[null.layeredPane,0,0,986x663,invalid,alignmentX=0.0,alignmentY=0.0,border=,flags=0,maximumSize=,minimumSize=,preferredSize=,optimizedDrawingPossible=true]; isLightweight=true
nov 04, 2023 7:06:26 P. M. java.awt.Component mixOnHiding
DETALLADO: this = javax.swing.JLayeredPane[null.layeredPane,0,0,986x663,invalid,alignmentX=0.0,alignmentY=0.0,border=,flags=0,maximumSize=,minimumSize=,preferredSize=,optimizedDrawingPossible=true]; isLightweight = true
nov 04, 2023 7:06:26 P. M. java.awt.Component isMixingNeeded
DETALLADO: containing window = monopoly.windows.MainGameMenu[frame1,353,159,1000x700,hidden,layout=java.awt.BorderLayout,title=MONOPOLY,resizable,normal,defaultCloseOperation=DISPOSE_ON_CLOSE,rootPane=javax.swing.JRootPane[,7,30,986x663,layout=javax.swing.JRootPane$RootLayout,alignmentX=0.0,alignmentY=0.0,border=javax.swing.plaf.synth.SynthBorder@62a674b9,flags=16777673,maximumSize=,minimumSize=,preferredSize=],rootPaneCheckingEnabled=true]; has h/w descendants = false; has l/w descendants = true; disposing = true
nov 04, 2023 7:06:26 P. M. java.awt.Container mixOnHiding
DETALLADO: this = javax.swing.JPanel[null.glassPane,0,0,986x663,invalid,hidden,layout=java.awt.FlowLayout,alignmentX=0.0,alignmentY=0.0,border=javax.swing.plaf.synth.SynthBorder@58b7a694,flags=16777217,maximumSize=,minimumSize=,preferredSize=]; isLightweight=true
nov 04, 2023 7:06:26 P. M. java.awt.Component mixOnHiding
DETALLADO: this = javax.swing.JPanel[null.glassPane,0,0,986x663,invalid,hidden,layout=java.awt.FlowLayout,alignmentX=0.0,alignmentY=0.0,border=javax.swing.plaf.synth.SynthBorder@58b7a694,flags=16777217,maximumSize=,minimumSize=,preferredSize=]; isLightweight = true
nov 04, 2023 7:06:26 P. M. java.awt.Component isMixingNeeded
DETALLADO: containing window = monopoly.windows.MainGameMenu[frame1,353,159,1000x700,hidden,layout=java.awt.BorderLayout,title=MONOPOLY,resizable,normal,defaultCloseOperation=DISPOSE_ON_CLOSE,rootPane=javax.swing.JRootPane[,7,30,986x663,layout=javax.swing.JRootPane$RootLayout,alignmentX=0.0,alignmentY=0.0,border=javax.swing.plaf.synth.SynthBorder@62a674b9,flags=16777673,maximumSize=,minimumSize=,preferredSize=],rootPaneCheckingEnabled=true]; has h/w descendants = false; has l/w descendants = true; disposing = true
nov 04, 2023 7:06:26 P. M. java.awt.Container mixOnHiding
DETALLADO: this = javax.swing.JRootPane[,7,30,986x663,invalid,layout=javax.swing.JRootPane$RootLayout,alignmentX=0.0,alignmentY=0.0,border=javax.swing.plaf.synth.SynthBorder@62a674b9,flags=16777673,maximumSize=,minimumSize=,preferredSize=]; isLightweight=true
nov 04, 2023 7:06:26 P. M. java.awt.Component mixOnHiding
DETALLADO: this = javax.swing.JRootPane[,7,30,986x663,invalid,layout=javax.swing.JRootPane$RootLayout,alignmentX=0.0,alignmentY=0.0,border=javax.swing.plaf.synth.SynthBorder@62a674b9,flags=16777673,maximumSize=,minimumSize=,preferredSize=]; isLightweight = true
nov 04, 2023 7:06:26 P. M. java.awt.Component isMixingNeeded
DETALLADO: containing window = monopoly.windows.MainGameMenu[frame1,353,159,1000x700,hidden,layout=java.awt.BorderLayout,title=MONOPOLY,resizable,normal,defaultCloseOperation=DISPOSE_ON_CLOSE,rootPane=javax.swing.JRootPane[,7,30,986x663,invalid,layout=javax.swing.JRootPane$RootLayout,alignmentX=0.0,alignmentY=0.0,border=javax.swing.plaf.synth.SynthBorder@62a674b9,flags=16777673,maximumSize=,minimumSize=,preferredSize=],rootPaneCheckingEnabled=true]; has h/w descendants = false; has l/w descendants = false; disposing = true
nov 04, 2023 7:06:26 P. M. java.awt.Container mixOnHiding
DETALLADO: this = monopoly.windows.MainGameMenu[frame1,353,159,1000x700,invalid,hidden,layout=java.awt.BorderLayout,title=MONOPOLY,resizable,normal,defaultCloseOperation=DISPOSE_ON_CLOSE,rootPane=javax.swing.JRootPane[,7,30,986x663,invalid,layout=javax.swing.JRootPane$RootLayout,alignmentX=0.0,alignmentY=0.0,border=javax.swing.plaf.synth.SynthBorder@62a674b9,flags=16777673,maximumSize=,minimumSize=,preferredSize=],rootPaneCheckingEnabled=true]; isLightweight=false
nov 04, 2023 7:06:26 P. M. java.awt.Component mixOnHiding
DETALLADO: this = monopoly.windows.MainGameMenu[frame1,353,159,1000x700,invalid,hidden,layout=java.awt.BorderLayout,title=MONOPOLY,resizable,normal,defaultCloseOperation=DISPOSE_ON_CLOSE,rootPane=javax.swing.JRootPane[,7,30,986x663,invalid,layout=javax.swing.JRootPane$RootLayout,alignmentX=0.0,alignmentY=0.0,border=javax.swing.plaf.synth.SynthBorder@62a674b9,flags=16777673,maximumSize=,minimumSize=,preferredSize=],rootPaneCheckingEnabled=true]; isLightweight = false
nov 04, 2023 7:06:26 P. M. java.awt.Component isMixingNeeded
DETALLADO: containing window = monopoly.windows.MainGameMenu[frame1,353,159,1000x700,invalid,hidden,layout=java.awt.BorderLayout,title=MONOPOLY,resizable,normal,defaultCloseOperation=DISPOSE_ON_CLOSE,rootPane=javax.swing.JRootPane[,7,30,986x663,invalid,layout=javax.swing.JRootPane$RootLayout,alignmentX=0.0,alignmentY=0.0,border=javax.swing.plaf.synth.SynthBorder@62a674b9,flags=16777673,maximumSize=,minimumSize=,preferredSize=],rootPaneCheckingEnabled=true]; has h/w descendants = false; has l/w descendants = false; disposing = true
nov 04, 2023 7:06:26 P. M. java.awt.DefaultKeyboardFocusManager dispatchEvent
DETALLADO: java.awt.event.FocusEvent[FOCUS_LOST,permanent,opposite=null,cause=CLEAR_GLOBAL_FOCUS_OWNER] on javax.swing.JButton[,111,583,100x80,invalid,alignmentX=0.5,alignmentY=0.5,border=javax.swing.plaf.synth.SynthBorder@557201f9,flags=288,maximumSize=java.awt.Dimension[width=100,height=80],minimumSize=,preferredSize=java.awt.Dimension[width=100,height=80],defaultIcon=javax.swing.ImageIcon@21d338f0,disabledIcon=,disabledSelectedIcon=,margin=javax.swing.plaf.InsetsUIResource[top=0,left=0,bottom=0,right=0],paintBorder=true,paintFocus=true,pressedIcon=,rolloverEnabled=true,rolloverIcon=,rolloverSelectedIcon=,selectedIcon=,text=,defaultCapable=true]
nov 04, 2023 7:06:26 P. M. java.awt.Container mixOnShowing
DETALLADO: this = monopoly.windows.MainMenu[frame0,182,43,1000x700,layout=java.awt.BorderLayout,title=MONOPOLY,resizable,normal,defaultCloseOperation=DISPOSE_ON_CLOSE,rootPane=javax.swing.JRootPane[,7,30,986x663,layout=javax.swing.JRootPane$RootLayout,alignmentX=0.0,alignmentY=0.0,border=,flags=16777673,maximumSize=,minimumSize=,preferredSize=],rootPaneCheckingEnabled=true]
nov 04, 2023 7:06:26 P. M. java.awt.Component isMixingNeeded
DETALLADO: containing window = monopoly.windows.MainMenu[frame0,182,43,1000x700,layout=java.awt.BorderLayout,title=MONOPOLY,resizable,normal,defaultCloseOperation=DISPOSE_ON_CLOSE,rootPane=javax.swing.JRootPane[,7,30,986x663,layout=javax.swing.JRootPane$RootLayout,alignmentX=0.0,alignmentY=0.0,border=,flags=16777673,maximumSize=,minimumSize=,preferredSize=],rootPaneCheckingEnabled=true]; has h/w descendants = false; has l/w descendants = true; disposing = false
nov 04, 2023 7:06:26 P. M. java.awt.DefaultKeyboardFocusManager dispatchEvent
DETALLADO: sun.awt.TimedWindowEvent[WINDOW_LOST_FOCUS,opposite=null,oldState=0,newState=0] on frame1
nov 04, 2023 7:06:26 P. M. java.awt.DefaultKeyboardFocusManager dispatchEvent
DETALLADO: Active monopoly.windows.MainGameMenu[frame1,353,159,1000x700,invalid,hidden,layout=java.awt.BorderLayout,title=MONOPOLY,resizable,normal,defaultCloseOperation=DISPOSE_ON_CLOSE,rootPane=javax.swing.JRootPane[,7,30,986x663,invalid,layout=javax.swing.JRootPane$RootLayout,alignmentX=0.0,alignmentY=0.0,border=javax.swing.plaf.synth.SynthBorder@62a674b9,flags=16777673,maximumSize=,minimumSize=,preferredSize=],rootPaneCheckingEnabled=true], Current focused monopoly.windows.MainGameMenu[frame1,353,159,1000x700,invalid,hidden,layout=java.awt.BorderLayout,title=MONOPOLY,resizable,normal,defaultCloseOperation=DISPOSE_ON_CLOSE,rootPane=javax.swing.JRootPane[,7,30,986x663,invalid,layout=javax.swing.JRootPane$RootLayout,alignmentX=0.0,alignmentY=0.0,border=javax.swing.plaf.synth.SynthBorder@62a674b9,flags=16777673,maximumSize=,minimumSize=,preferredSize=],rootPaneCheckingEnabled=true], losing focus monopoly.windows.MainGameMenu[frame1,353,159,1000x700,invalid,hidden,layout=java.awt.BorderLayout,title=MONOPOLY,resizable,normal,defaultCloseOperation=DISPOSE_ON_CLOSE,rootPane=javax.swing.JRootPane[,7,30,986x663,invalid,layout=javax.swing.JRootPane$RootLayout,alignmentX=0.0,alignmentY=0.0,border=javax.swing.plaf.synth.SynthBorder@62a674b9,flags=16777673,maximumSize=,minimumSize=,preferredSize=],rootPaneCheckingEnabled=true] opposite null
nov 04, 2023 7:06:26 P. M. java.awt.DefaultKeyboardFocusManager dispatchEvent
DETALLADO: java.awt.event.WindowEvent[WINDOW_DEACTIVATED,opposite=null,oldState=0,newState=0] on frame1
nov 04, 2023 7:06:26 P. M. java.awt.DefaultKeyboardFocusManager dispatchEvent
DETALLADO: java.awt.event.WindowEvent[WINDOW_CLOSED,opposite=null,oldState=0,newState=0] on frame1
nov 04, 2023 7:06:26 P. M. java.awt.DefaultKeyboardFocusManager dispatchEvent
DETALLADO: sun.awt.TimedWindowEvent[WINDOW_GAINED_FOCUS,opposite=null,oldState=0,newState=0] on frame0
nov 04, 2023 7:06:26 P. M. java.awt.DefaultKeyboardFocusManager dispatchEvent
DETALLADO: java.awt.event.WindowEvent[WINDOW_ACTIVATED,opposite=null,oldState=0,newState=0] on frame0
nov 04, 2023 7:06:26 P. M. java.awt.DefaultKeyboardFocusManager dispatchEvent
DETALLADO: java.awt.event.FocusEvent[FOCUS_GAINED,permanent,opposite=null,cause=ACTIVATION] on monopoly.windows.MainMenu$1[,25,107,436x81,alignmentX=0.5,alignmentY=0.5,border=javax.swing.plaf.synth.SynthBorder@7980bda2,flags=288,maximumSize=,minimumSize=,preferredSize=,defaultIcon=,disabledIcon=,disabledSelectedIcon=,margin=javax.swing.plaf.InsetsUIResource[top=0,left=0,bottom=0,right=0],paintBorder=true,paintFocus=true,pressedIcon=,rolloverEnabled=true,rolloverIcon=,rolloverSelectedIcon=,selectedIcon=,text=PLAY,defaultCapable=true]
nov 04, 2023 7:06:26 P. M. sun.awt.im.InputContext activateInputMethod
DETALLADO: Current client component monopoly.windows.MainMenu$1[,25,107,436x81,alignmentX=0.5,alignmentY=0.5,border=javax.swing.plaf.synth.SynthBorder@7980bda2,flags=288,maximumSize=,minimumSize=,preferredSize=,defaultIcon=,disabledIcon=,disabledSelectedIcon=,margin=javax.swing.plaf.InsetsUIResource[top=0,left=0,bottom=0,right=0],paintBorder=true,paintFocus=true,pressedIcon=,rolloverEnabled=true,rolloverIcon=,rolloverSelectedIcon=,selectedIcon=,text=PLAY,defaultCapable=true]
nov 04, 2023 7:06:28 P. M. java.awt.DefaultKeyboardFocusManager dispatchEvent
DETALLADO: sun.awt.TimedWindowEvent[WINDOW_CLOSING,opposite=null,oldState=0,newState=0] on frame0
nov 04, 2023 7:06:28 P. M. java.awt.Container mixOnHiding
DETALLADO: this = monopoly.windows.MainMenu[frame0,182,43,1000x700,hidden,layout=java.awt.BorderLayout,title=MONOPOLY,resizable,normal,defaultCloseOperation=DISPOSE_ON_CLOSE,rootPane=javax.swing.JRootPane[,7,30,986x663,layout=javax.swing.JRootPane$RootLayout,alignmentX=0.0,alignmentY=0.0,border=,flags=16777673,maximumSize=,minimumSize=,preferredSize=],rootPaneCheckingEnabled=true]; isLightweight=false
nov 04, 2023 7:06:28 P. M. java.awt.Component mixOnHiding
DETALLADO: this = monopoly.windows.MainMenu[frame0,182,43,1000x700,hidden,layout=java.awt.BorderLayout,title=MONOPOLY,resizable,normal,defaultCloseOperation=DISPOSE_ON_CLOSE,rootPane=javax.swing.JRootPane[,7,30,986x663,layout=javax.swing.JRootPane$RootLayout,alignmentX=0.0,alignmentY=0.0,border=,flags=16777673,maximumSize=,minimumSize=,preferredSize=],rootPaneCheckingEnabled=true]; isLightweight = false
nov 04, 2023 7:06:28 P. M. java.awt.Component isMixingNeeded
DETALLADO: containing window = monopoly.windows.MainMenu[frame0,182,43,1000x700,hidden,layout=java.awt.BorderLayout,title=MONOPOLY,resizable,normal,defaultCloseOperation=DISPOSE_ON_CLOSE,rootPane=javax.swing.JRootPane[,7,30,986x663,layout=javax.swing.JRootPane$RootLayout,alignmentX=0.0,alignmentY=0.0,border=,flags=16777673,maximumSize=,minimumSize=,preferredSize=],rootPaneCheckingEnabled=true]; has h/w descendants = false; has l/w descendants = true; disposing = true
nov 04, 2023 7:06:28 P. M. sun.awt.KeyboardFocusManagerPeerImpl clearGlobalFocusOwner
DETALLADO: Clearing global focus owner monopoly.windows.MainMenu$1[,25,107,436x81,alignmentX=0.5,alignmentY=0.5,border=javax.swing.plaf.synth.SynthBorder@7980bda2,flags=288,maximumSize=,minimumSize=,preferredSize=,defaultIcon=,disabledIcon=,disabledSelectedIcon=,margin=javax.swing.plaf.InsetsUIResource[top=0,left=0,bottom=0,right=0],paintBorder=true,paintFocus=true,pressedIcon=,rolloverEnabled=true,rolloverIcon=,rolloverSelectedIcon=,selectedIcon=,text=PLAY,defaultCapable=true]
nov 04, 2023 7:06:28 P. M. java.awt.Container mixOnHiding
DETALLADO: this = javax.swing.JButton[,840,0,146x36,invalid,alignmentX=0.0,alignmentY=0.5,border=javax.swing.plaf.synth.SynthBorder@40d7c3b4,flags=288,maximumSize=,minimumSize=,preferredSize=,defaultIcon=,disabledIcon=,disabledSelectedIcon=,margin=javax.swing.plaf.InsetsUIResource[top=0,left=0,bottom=0,right=0],paintBorder=true,paintFocus=true,pressedIcon=,rolloverEnabled=true,rolloverIcon=,rolloverSelectedIcon=,selectedIcon=,text=LEAVE GAME,defaultCapable=true]; isLightweight=true
nov 04, 2023 7:06:28 P. M. java.awt.Component mixOnHiding
DETALLADO: this = javax.swing.JButton[,840,0,146x36,invalid,alignmentX=0.0,alignmentY=0.5,border=javax.swing.plaf.synth.SynthBorder@40d7c3b4,flags=288,maximumSize=,minimumSize=,preferredSize=,defaultIcon=,disabledIcon=,disabledSelectedIcon=,margin=javax.swing.plaf.InsetsUIResource[top=0,left=0,bottom=0,right=0],paintBorder=true,paintFocus=true,pressedIcon=,rolloverEnabled=true,rolloverIcon=,rolloverSelectedIcon=,selectedIcon=,text=LEAVE GAME,defaultCapable=true]; isLightweight = true
nov 04, 2023 7:06:28 P. M. java.awt.Component isMixingNeeded
DETALLADO: containing window = monopoly.windows.MainMenu[frame0,182,43,1000x700,hidden,layout=java.awt.BorderLayout,title=MONOPOLY,resizable,normal,defaultCloseOperation=DISPOSE_ON_CLOSE,rootPane=javax.swing.JRootPane[,7,30,986x663,layout=javax.swing.JRootPane$RootLayout,alignmentX=0.0,alignmentY=0.0,border=,flags=16777673,maximumSize=,minimumSize=,preferredSize=],rootPaneCheckingEnabled=true]; has h/w descendants = false; has l/w descendants = true; disposing = true
nov 04, 2023 7:06:28 P. M. java.awt.Container mixOnHiding
DETALLADO: this = javax.swing.Box$Filler[,109,18,731x0,invalid,alignmentX=0.0,alignmentY=0.0,border=,flags=0,maximumSize=java.awt.Dimension[width=32767,height=0],minimumSize=java.awt.Dimension[width=0,height=0],preferredSize=java.awt.Dimension[width=0,height=0]]; isLightweight=true
nov 04, 2023 7:06:28 P. M. java.awt.Component mixOnHiding
DETALLADO: this = javax.swing.Box$Filler[,109,18,731x0,invalid,alignmentX=0.0,alignmentY=0.0,border=,flags=0,maximumSize=java.awt.Dimension[width=32767,height=0],minimumSize=java.awt.Dimension[width=0,height=0],preferredSize=java.awt.Dimension[width=0,height=0]]; isLightweight = true
nov 04, 2023 7:06:28 P. M. java.awt.Component isMixingNeeded
DETALLADO: containing window = monopoly.windows.MainMenu[frame0,182,43,1000x700,hidden,layout=java.awt.BorderLayout,title=MONOPOLY,resizable,normal,defaultCloseOperation=DISPOSE_ON_CLOSE,rootPane=javax.swing.JRootPane[,7,30,986x663,layout=javax.swing.JRootPane$RootLayout,alignmentX=0.0,alignmentY=0.0,border=,flags=16777673,maximumSize=,minimumSize=,preferredSize=],rootPaneCheckingEnabled=true]; has h/w descendants = false; has l/w descendants = true; disposing = true
nov 04, 2023 7:06:28 P. M. java.awt.Container mixOnHiding
DETALLADO: this = javax.swing.JButton[,0,0,109x36,invalid,alignmentX=0.0,alignmentY=0.5,border=javax.swing.plaf.synth.SynthBorder@6cd0dcad,flags=288,maximumSize=,minimumSize=,preferredSize=,defaultIcon=,disabledIcon=,disabledSelectedIcon=,margin=javax.swing.plaf.InsetsUIResource[top=0,left=0,bottom=0,right=0],paintBorder=true,paintFocus=true,pressedIcon=,rolloverEnabled=true,rolloverIcon=,rolloverSelectedIcon=,selectedIcon=,text=CREDITS,defaultCapable=true]; isLightweight=true
nov 04, 2023 7:06:28 P. M. java.awt.Component mixOnHiding
DETALLADO: this = javax.swing.JButton[,0,0,109x36,invalid,alignmentX=0.0,alignmentY=0.5,border=javax.swing.plaf.synth.SynthBorder@6cd0dcad,flags=288,maximumSize=,minimumSize=,preferredSize=,defaultIcon=,disabledIcon=,disabledSelectedIcon=,margin=javax.swing.plaf.InsetsUIResource[top=0,left=0,bottom=0,right=0],paintBorder=true,paintFocus=true,pressedIcon=,rolloverEnabled=true,rolloverIcon=,rolloverSelectedIcon=,selectedIcon=,text=CREDITS,defaultCapable=true]; isLightweight = true
nov 04, 2023 7:06:28 P. M. java.awt.Component isMixingNeeded
DETALLADO: containing window = monopoly.windows.MainMenu[frame0,182,43,1000x700,hidden,layout=java.awt.BorderLayout,title=MONOPOLY,resizable,normal,defaultCloseOperation=DISPOSE_ON_CLOSE,rootPane=javax.swing.JRootPane[,7,30,986x663,layout=javax.swing.JRootPane$RootLayout,alignmentX=0.0,alignmentY=0.0,border=,flags=16777673,maximumSize=,minimumSize=,preferredSize=],rootPaneCheckingEnabled=true]; has h/w descendants = false; has l/w descendants = true; disposing = true
nov 04, 2023 7:06:28 P. M. java.awt.Container mixOnHiding
DETALLADO: this = javax.swing.JPanel[,0,627,986x36,invalid,layout=javax.swing.BoxLayout,alignmentX=0.0,alignmentY=0.0,border=javax.swing.plaf.synth.SynthBorder@6bafe94a,flags=16777217,maximumSize=,minimumSize=,preferredSize=]; isLightweight=true
nov 04, 2023 7:06:28 P. M. java.awt.Component mixOnHiding
DETALLADO: this = javax.swing.JPanel[,0,627,986x36,invalid,layout=javax.swing.BoxLayout,alignmentX=0.0,alignmentY=0.0,border=javax.swing.plaf.synth.SynthBorder@6bafe94a,flags=16777217,maximumSize=,minimumSize=,preferredSize=]; isLightweight = true
nov 04, 2023 7:06:28 P. M. java.awt.Component isMixingNeeded
DETALLADO: containing window = monopoly.windows.MainMenu[frame0,182,43,1000x700,hidden,layout=java.awt.BorderLayout,title=MONOPOLY,resizable,normal,defaultCloseOperation=DISPOSE_ON_CLOSE,rootPane=javax.swing.JRootPane[,7,30,986x663,layout=javax.swing.JRootPane$RootLayout,alignmentX=0.0,alignmentY=0.0,border=,flags=16777673,maximumSize=,minimumSize=,preferredSize=],rootPaneCheckingEnabled=true]; has h/w descendants = false; has l/w descendants = true; disposing = true
nov 04, 2023 7:06:28 P. M. java.awt.Container mixOnHiding
DETALLADO: this = monopoly.windows.MasterFrame$PanelImageBuilder[,736,10,250x617,invalid,layout=java.awt.FlowLayout,alignmentX=0.0,alignmentY=0.0,border=javax.swing.plaf.synth.SynthBorder@27284038,flags=16777217,maximumSize=,minimumSize=,preferredSize=]; isLightweight=true
nov 04, 2023 7:06:28 P. M. java.awt.Component mixOnHiding
DETALLADO: this = monopoly.windows.MasterFrame$PanelImageBuilder[,736,10,250x617,invalid,layout=java.awt.FlowLayout,alignmentX=0.0,alignmentY=0.0,border=javax.swing.plaf.synth.SynthBorder@27284038,flags=16777217,maximumSize=,minimumSize=,preferredSize=]; isLightweight = true
nov 04, 2023 7:06:28 P. M. java.awt.Component isMixingNeeded
DETALLADO: containing window = monopoly.windows.MainMenu[frame0,182,43,1000x700,hidden,layout=java.awt.BorderLayout,title=MONOPOLY,resizable,normal,defaultCloseOperation=DISPOSE_ON_CLOSE,rootPane=javax.swing.JRootPane[,7,30,986x663,layout=javax.swing.JRootPane$RootLayout,alignmentX=0.0,alignmentY=0.0,border=,flags=16777673,maximumSize=,minimumSize=,preferredSize=],rootPaneCheckingEnabled=true]; has h/w descendants = false; has l/w descendants = true; disposing = true
nov 04, 2023 7:06:28 P. M. java.awt.Container mixOnHiding
DETALLADO: this = monopoly.windows.MainMenu$1[,25,532,436x81,invalid,alignmentX=0.5,alignmentY=0.5,border=javax.swing.plaf.synth.SynthBorder@3bdd8ca9,flags=288,maximumSize=,minimumSize=,preferredSize=,defaultIcon=,disabledIcon=,disabledSelectedIcon=,margin=javax.swing.plaf.InsetsUIResource[top=0,left=0,bottom=0,right=0],paintBorder=true,paintFocus=true,pressedIcon=,rolloverEnabled=true,rolloverIcon=,rolloverSelectedIcon=,selectedIcon=,text=HELP,defaultCapable=true]; isLightweight=true
nov 04, 2023 7:06:28 P. M. java.awt.Component mixOnHiding
DETALLADO: this = monopoly.windows.MainMenu$1[,25,532,436x81,invalid,alignmentX=0.5,alignmentY=0.5,border=javax.swing.plaf.synth.SynthBorder@3bdd8ca9,flags=288,maximumSize=,minimumSize=,preferredSize=,defaultIcon=,disabledIcon=,disabledSelectedIcon=,margin=javax.swing.plaf.InsetsUIResource[top=0,left=0,bottom=0,right=0],paintBorder=true,paintFocus=true,pressedIcon=,rolloverEnabled=true,rolloverIcon=,rolloverSelectedIcon=,selectedIcon=,text=HELP,defaultCapable=true]; isLightweight = true
nov 04, 2023 7:06:28 P. M. java.awt.Component isMixingNeeded
DETALLADO: containing window = monopoly.windows.MainMenu[frame0,182,43,1000x700,hidden,layout=java.awt.BorderLayout,title=MONOPOLY,resizable,normal,defaultCloseOperation=DISPOSE_ON_CLOSE,rootPane=javax.swing.JRootPane[,7,30,986x663,layout=javax.swing.JRootPane$RootLayout,alignmentX=0.0,alignmentY=0.0,border=,flags=16777673,maximumSize=,minimumSize=,preferredSize=],rootPaneCheckingEnabled=true]; has h/w descendants = false; has l/w descendants = true; disposing = true
nov 04, 2023 7:06:28 P. M. java.awt.Container mixOnHiding
DETALLADO: this = javax.swing.Box$Filler[,0,528,486x4,invalid,alignmentX=0.0,alignmentY=0.0,border=,flags=0,maximumSize=,minimumSize=java.awt.Dimension[width=5,height=5],preferredSize=]; isLightweight=true
nov 04, 2023 7:06:28 P. M. java.awt.Component mixOnHiding
DETALLADO: this = javax.swing.Box$Filler[,0,528,486x4,invalid,alignmentX=0.0,alignmentY=0.0,border=,flags=0,maximumSize=,minimumSize=java.awt.Dimension[width=5,height=5],preferredSize=]; isLightweight = true
nov 04, 2023 7:06:28 P. M. java.awt.Component isMixingNeeded
DETALLADO: containing window = monopoly.windows.MainMenu[frame0,182,43,1000x700,hidden,layout=java.awt.BorderLayout,title=MONOPOLY,resizable,normal,defaultCloseOperation=DISPOSE_ON_CLOSE,rootPane=javax.swing.JRootPane[,7,30,986x663,layout=javax.swing.JRootPane$RootLayout,alignmentX=0.0,alignmentY=0.0,border=,flags=16777673,maximumSize=,minimumSize=,preferredSize=],rootPaneCheckingEnabled=true]; has h/w descendants = false; has l/w descendants = true; disposing = true
nov 04, 2023 7:06:28 P. M. java.awt.Container mixOnHiding
DETALLADO: this = monopoly.windows.MainMenu$1[,25,447,436x81,invalid,alignmentX=0.5,alignmentY=0.5,border=javax.swing.plaf.synth.SynthBorder@7262cd3b,flags=288,maximumSize=,minimumSize=,preferredSize=,defaultIcon=,disabledIcon=,disabledSelectedIcon=,margin=javax.swing.plaf.InsetsUIResource[top=0,left=0,bottom=0,right=0],paintBorder=true,paintFocus=true,pressedIcon=,rolloverEnabled=true,rolloverIcon=,rolloverSelectedIcon=,selectedIcon=,text=MANAGE USERS,defaultCapable=true]; isLightweight=true
nov 04, 2023 7:06:28 P. M. java.awt.Component mixOnHiding
DETALLADO: this = monopoly.windows.MainMenu$1[,25,447,436x81,invalid,alignmentX=0.5,alignmentY=0.5,border=javax.swing.plaf.synth.SynthBorder@7262cd3b,flags=288,maximumSize=,minimumSize=,preferredSize=,defaultIcon=,disabledIcon=,disabledSelectedIcon=,margin=javax.swing.plaf.InsetsUIResource[top=0,left=0,bottom=0,right=0],paintBorder=true,paintFocus=true,pressedIcon=,rolloverEnabled=true,rolloverIcon=,rolloverSelectedIcon=,selectedIcon=,text=MANAGE USERS,defaultCapable=true]; isLightweight = true
nov 04, 2023 7:06:28 P. M. java.awt.Component isMixingNeeded
DETALLADO: containing window = monopoly.windows.MainMenu[frame0,182,43,1000x700,hidden,layout=java.awt.BorderLayout,title=MONOPOLY,resizable,normal,defaultCloseOperation=DISPOSE_ON_CLOSE,rootPane=javax.swing.JRootPane[,7,30,986x663,layout=javax.swing.JRootPane$RootLayout,alignmentX=0.0,alignmentY=0.0,border=,flags=16777673,maximumSize=,minimumSize=,preferredSize=],rootPaneCheckingEnabled=true]; has h/w descendants = false; has l/w descendants = true; disposing = true
nov 04, 2023 7:06:28 P. M. java.awt.Container mixOnHiding
DETALLADO: this = javax.swing.Box$Filler[,0,443,486x4,invalid,alignmentX=0.0,alignmentY=0.0,border=,flags=0,maximumSize=,minimumSize=java.awt.Dimension[width=5,height=5],preferredSize=]; isLightweight=true
nov 04, 2023 7:06:28 P. M. java.awt.Component mixOnHiding
DETALLADO: this = javax.swing.Box$Filler[,0,443,486x4,invalid,alignmentX=0.0,alignmentY=0.0,border=,flags=0,maximumSize=,minimumSize=java.awt.Dimension[width=5,height=5],preferredSize=]; isLightweight = true
nov 04, 2023 7:06:28 P. M. java.awt.Component isMixingNeeded
DETALLADO: containing window = monopoly.windows.MainMenu[frame0,182,43,1000x700,hidden,layout=java.awt.BorderLayout,title=MONOPOLY,resizable,normal,defaultCloseOperation=DISPOSE_ON_CLOSE,rootPane=javax.swing.JRootPane[,7,30,986x663,layout=javax.swing.JRootPane$RootLayout,alignmentX=0.0,alignmentY=0.0,border=,flags=16777673,maximumSize=,minimumSize=,preferredSize=],rootPaneCheckingEnabled=true]; has h/w descendants = false; has l/w descendants = true; disposing = true
nov 04, 2023 7:06:28 P. M. java.awt.Container mixOnHiding
DETALLADO: this = monopoly.windows.MainMenu$1[,25,362,436x81,invalid,alignmentX=0.5,alignmentY=0.5,border=javax.swing.plaf.synth.SynthBorder@74017226,flags=288,maximumSize=,minimumSize=,preferredSize=,defaultIcon=,disabledIcon=,disabledSelectedIcon=,margin=javax.swing.plaf.InsetsUIResource[top=0,left=0,bottom=0,right=0],paintBorder=true,paintFocus=true,pressedIcon=,rolloverEnabled=true,rolloverIcon=,rolloverSelectedIcon=,selectedIcon=,text=MATCH RECORD,defaultCapable=true]; isLightweight=true
nov 04, 2023 7:06:28 P. M. java.awt.Component mixOnHiding
DETALLADO: this = monopoly.windows.MainMenu$1[,25,362,436x81,invalid,alignmentX=0.5,alignmentY=0.5,border=javax.swing.plaf.synth.SynthBorder@74017226,flags=288,maximumSize=,minimumSize=,preferredSize=,defaultIcon=,disabledIcon=,disabledSelectedIcon=,margin=javax.swing.plaf.InsetsUIResource[top=0,left=0,bottom=0,right=0],paintBorder=true,paintFocus=true,pressedIcon=,rolloverEnabled=true,rolloverIcon=,rolloverSelectedIcon=,selectedIcon=,text=MATCH RECORD,defaultCapable=true]; isLightweight = true
nov 04, 2023 7:06:28 P. M. java.awt.Component isMixingNeeded
DETALLADO: containing window = monopoly.windows.MainMenu[frame0,182,43,1000x700,hidden,layout=java.awt.BorderLayout,title=MONOPOLY,resizable,normal,defaultCloseOperation=DISPOSE_ON_CLOSE,rootPane=javax.swing.JRootPane[,7,30,986x663,layout=javax.swing.JRootPane$RootLayout,alignmentX=0.0,alignmentY=0.0,border=,flags=16777673,maximumSize=,minimumSize=,preferredSize=],rootPaneCheckingEnabled=true]; has h/w descendants = false; has l/w descendants = true; disposing = true
nov 04, 2023 7:06:28 P. M. java.awt.Container mixOnHiding
DETALLADO: this = javax.swing.Box$Filler[,0,358,486x4,invalid,alignmentX=0.0,alignmentY=0.0,border=,flags=0,maximumSize=,minimumSize=java.awt.Dimension[width=5,height=5],preferredSize=]; isLightweight=true
nov 04, 2023 7:06:28 P. M. java.awt.Component mixOnHiding
DETALLADO: this = javax.swing.Box$Filler[,0,358,486x4,invalid,alignmentX=0.0,alignmentY=0.0,border=,flags=0,maximumSize=,minimumSize=java.awt.Dimension[width=5,height=5],preferredSize=]; isLightweight = true
nov 04, 2023 7:06:28 P. M. java.awt.Component isMixingNeeded
DETALLADO: containing window = monopoly.windows.MainMenu[frame0,182,43,1000x700,hidden,layout=java.awt.BorderLayout,title=MONOPOLY,resizable,normal,defaultCloseOperation=DISPOSE_ON_CLOSE,rootPane=javax.swing.JRootPane[,7,30,986x663,layout=javax.swing.JRootPane$RootLayout,alignmentX=0.0,alignmentY=0.0,border=,flags=16777673,maximumSize=,minimumSize=,preferredSize=],rootPaneCheckingEnabled=true]; has h/w descendants = false; has l/w descendants = true; disposing = true
nov 04, 2023 7:06:28 P. M. java.awt.Container mixOnHiding
DETALLADO: this = monopoly.windows.MainMenu$1[,25,277,436x81,invalid,alignmentX=0.5,alignmentY=0.5,border=javax.swing.plaf.synth.SynthBorder@61a85cc7,flags=288,maximumSize=,minimumSize=,preferredSize=,defaultIcon=,disabledIcon=,disabledSelectedIcon=,margin=javax.swing.plaf.InsetsUIResource[top=0,left=0,bottom=0,right=0],paintBorder=true,paintFocus=true,pressedIcon=,rolloverEnabled=true,rolloverIcon=,rolloverSelectedIcon=,selectedIcon=,text=USER ACHIEVEMENTS,defaultCapable=true]; isLightweight=true
nov 04, 2023 7:06:28 P. M. java.awt.Component mixOnHiding
DETALLADO: this = monopoly.windows.MainMenu$1[,25,277,436x81,invalid,alignmentX=0.5,alignmentY=0.5,border=javax.swing.plaf.synth.SynthBorder@61a85cc7,flags=288,maximumSize=,minimumSize=,preferredSize=,defaultIcon=,disabledIcon=,disabledSelectedIcon=,margin=javax.swing.plaf.InsetsUIResource[top=0,left=0,bottom=0,right=0],paintBorder=true,paintFocus=true,pressedIcon=,rolloverEnabled=true,rolloverIcon=,rolloverSelectedIcon=,selectedIcon=,text=USER ACHIEVEMENTS,defaultCapable=true]; isLightweight = true
nov 04, 2023 7:06:28 P. M. java.awt.Component isMixingNeeded
DETALLADO: containing window = monopoly.windows.MainMenu[frame0,182,43,1000x700,hidden,layout=java.awt.BorderLayout,title=MONOPOLY,resizable,normal,defaultCloseOperation=DISPOSE_ON_CLOSE,rootPane=javax.swing.JRootPane[,7,30,986x663,layout=javax.swing.JRootPane$RootLayout,alignmentX=0.0,alignmentY=0.0,border=,flags=16777673,maximumSize=,minimumSize=,preferredSize=],rootPaneCheckingEnabled=true]; has h/w descendants = false; has l/w descendants = true; disposing = true
nov 04, 2023 7:06:28 P. M. java.awt.Container mixOnHiding
DETALLADO: this = javax.swing.Box$Filler[,0,273,486x4,invalid,alignmentX=0.0,alignmentY=0.0,border=,flags=0,maximumSize=,minimumSize=java.awt.Dimension[width=5,height=5],preferredSize=]; isLightweight=true
nov 04, 2023 7:06:28 P. M. java.awt.Component mixOnHiding
DETALLADO: this = javax.swing.Box$Filler[,0,273,486x4,invalid,alignmentX=0.0,alignmentY=0.0,border=,flags=0,maximumSize=,minimumSize=java.awt.Dimension[width=5,height=5],preferredSize=]; isLightweight = true
nov 04, 2023 7:06:28 P. M. java.awt.Component isMixingNeeded
DETALLADO: containing window = monopoly.windows.MainMenu[frame0,182,43,1000x700,hidden,layout=java.awt.BorderLayout,title=MONOPOLY,resizable,normal,defaultCloseOperation=DISPOSE_ON_CLOSE,rootPane=javax.swing.JRootPane[,7,30,986x663,layout=javax.swing.JRootPane$RootLayout,alignmentX=0.0,alignmentY=0.0,border=,flags=16777673,maximumSize=,minimumSize=,preferredSize=],rootPaneCheckingEnabled=true]; has h/w descendants = false; has l/w descendants = true; disposing = true
nov 04, 2023 7:06:28 P. M. java.awt.Container mixOnHiding
DETALLADO: this = monopoly.windows.MainMenu$1[,25,192,436x81,invalid,alignmentX=0.5,alignmentY=0.5,border=javax.swing.plaf.synth.SynthBorder@68d9c856,flags=288,maximumSize=,minimumSize=,preferredSize=,defaultIcon=,disabledIcon=,disabledSelectedIcon=,margin=javax.swing.plaf.InsetsUIResource[top=0,left=0,bottom=0,right=0],paintBorder=true,paintFocus=true,pressedIcon=,rolloverEnabled=true,rolloverIcon=,rolloverSelectedIcon=,selectedIcon=,text=GAME SETTINGS,defaultCapable=true]; isLightweight=true
nov 04, 2023 7:06:28 P. M. java.awt.Component mixOnHiding
DETALLADO: this = monopoly.windows.MainMenu$1[,25,192,436x81,invalid,alignmentX=0.5,alignmentY=0.5,border=javax.swing.plaf.synth.SynthBorder@68d9c856,flags=288,maximumSize=,minimumSize=,preferredSize=,defaultIcon=,disabledIcon=,disabledSelectedIcon=,margin=javax.swing.plaf.InsetsUIResource[top=0,left=0,bottom=0,right=0],paintBorder=true,paintFocus=true,pressedIcon=,rolloverEnabled=true,rolloverIcon=,rolloverSelectedIcon=,selectedIcon=,text=GAME SETTINGS,defaultCapable=true]; isLightweight = true
nov 04, 2023 7:06:28 P. M. java.awt.Component isMixingNeeded
DETALLADO: containing window = monopoly.windows.MainMenu[frame0,182,43,1000x700,hidden,layout=java.awt.BorderLayout,title=MONOPOLY,resizable,normal,defaultCloseOperation=DISPOSE_ON_CLOSE,rootPane=javax.swing.JRootPane[,7,30,986x663,layout=javax.swing.JRootPane$RootLayout,alignmentX=0.0,alignmentY=0.0,border=,flags=16777673,maximumSize=,minimumSize=,preferredSize=],rootPaneCheckingEnabled=true]; has h/w descendants = false; has l/w descendants = true; disposing = true
nov 04, 2023 7:06:28 P. M. java.awt.Container mixOnHiding
DETALLADO: this = javax.swing.Box$Filler[,0,188,486x4,invalid,alignmentX=0.0,alignmentY=0.0,border=,flags=0,maximumSize=,minimumSize=java.awt.Dimension[width=5,height=5],preferredSize=]; isLightweight=true
nov 04, 2023 7:06:28 P. M. java.awt.Component mixOnHiding
DETALLADO: this = javax.swing.Box$Filler[,0,188,486x4,invalid,alignmentX=0.0,alignmentY=0.0,border=,flags=0,maximumSize=,minimumSize=java.awt.Dimension[width=5,height=5],preferredSize=]; isLightweight = true
nov 04, 2023 7:06:28 P. M. java.awt.Component isMixingNeeded
DETALLADO: containing window = monopoly.windows.MainMenu[frame0,182,43,1000x700,hidden,layout=java.awt.BorderLayout,title=MONOPOLY,resizable,normal,defaultCloseOperation=DISPOSE_ON_CLOSE,rootPane=javax.swing.JRootPane[,7,30,986x663,layout=javax.swing.JRootPane$RootLayout,alignmentX=0.0,alignmentY=0.0,border=,flags=16777673,maximumSize=,minimumSize=,preferredSize=],rootPaneCheckingEnabled=true]; has h/w descendants = false; has l/w descendants = true; disposing = true
nov 04, 2023 7:06:28 P. M. java.awt.Container mixOnHiding
DETALLADO: this = monopoly.windows.MainMenu$1[,25,107,436x81,invalid,alignmentX=0.5,alignmentY=0.5,border=javax.swing.plaf.synth.SynthBorder@7980bda2,flags=288,maximumSize=,minimumSize=,preferredSize=,defaultIcon=,disabledIcon=,disabledSelectedIcon=,margin=javax.swing.plaf.InsetsUIResource[top=0,left=0,bottom=0,right=0],paintBorder=true,paintFocus=true,pressedIcon=,rolloverEnabled=true,rolloverIcon=,rolloverSelectedIcon=,selectedIcon=,text=PLAY,defaultCapable=true]; isLightweight=true
nov 04, 2023 7:06:28 P. M. java.awt.Component mixOnHiding
DETALLADO: this = monopoly.windows.MainMenu$1[,25,107,436x81,invalid,alignmentX=0.5,alignmentY=0.5,border=javax.swing.plaf.synth.SynthBorder@7980bda2,flags=288,maximumSize=,minimumSize=,preferredSize=,defaultIcon=,disabledIcon=,disabledSelectedIcon=,margin=javax.swing.plaf.InsetsUIResource[top=0,left=0,bottom=0,right=0],paintBorder=true,paintFocus=true,pressedIcon=,rolloverEnabled=true,rolloverIcon=,rolloverSelectedIcon=,selectedIcon=,text=PLAY,defaultCapable=true]; isLightweight = true
nov 04, 2023 7:06:28 P. M. java.awt.Component isMixingNeeded
DETALLADO: containing window = monopoly.windows.MainMenu[frame0,182,43,1000x700,hidden,layout=java.awt.BorderLayout,title=MONOPOLY,resizable,normal,defaultCloseOperation=DISPOSE_ON_CLOSE,rootPane=javax.swing.JRootPane[,7,30,986x663,layout=javax.swing.JRootPane$RootLayout,alignmentX=0.0,alignmentY=0.0,border=,flags=16777673,maximumSize=,minimumSize=,preferredSize=],rootPaneCheckingEnabled=true]; has h/w descendants = false; has l/w descendants = true; disposing = true
nov 04, 2023 7:06:28 P. M. java.awt.Container mixOnHiding
DETALLADO: this = javax.swing.Box$Filler[,0,103,486x4,invalid,alignmentX=0.0,alignmentY=0.0,border=,flags=0,maximumSize=,minimumSize=java.awt.Dimension[width=5,height=5],preferredSize=]; isLightweight=true
nov 04, 2023 7:06:28 P. M. java.awt.Component mixOnHiding
DETALLADO: this = javax.swing.Box$Filler[,0,103,486x4,invalid,alignmentX=0.0,alignmentY=0.0,border=,flags=0,maximumSize=,minimumSize=java.awt.Dimension[width=5,height=5],preferredSize=]; isLightweight = true
nov 04, 2023 7:06:28 P. M. java.awt.Component isMixingNeeded
DETALLADO: containing window = monopoly.windows.MainMenu[frame0,182,43,1000x700,hidden,layout=java.awt.BorderLayout,title=MONOPOLY,resizable,normal,defaultCloseOperation=DISPOSE_ON_CLOSE,rootPane=javax.swing.JRootPane[,7,30,986x663,layout=javax.swing.JRootPane$RootLayout,alignmentX=0.0,alignmentY=0.0,border=,flags=16777673,maximumSize=,minimumSize=,preferredSize=],rootPaneCheckingEnabled=true]; has h/w descendants = false; has l/w descendants = true; disposing = true
nov 04, 2023 7:06:28 P. M. java.awt.Container mixOnHiding
DETALLADO: this = monopoly.windows.MasterFrame$PanelImageBuilder[,0,0,486x103,invalid,layout=java.awt.FlowLayout,alignmentX=0.0,alignmentY=0.0,border=javax.swing.plaf.synth.SynthBorder@446f1de8,flags=9,maximumSize=,minimumSize=,preferredSize=]; isLightweight=true
nov 04, 2023 7:06:28 P. M. java.awt.Component mixOnHiding
DETALLADO: this = monopoly.windows.MasterFrame$PanelImageBuilder[,0,0,486x103,invalid,layout=java.awt.FlowLayout,alignmentX=0.0,alignmentY=0.0,border=javax.swing.plaf.synth.SynthBorder@446f1de8,flags=9,maximumSize=,minimumSize=,preferredSize=]; isLightweight = true
nov 04, 2023 7:06:28 P. M. java.awt.Component isMixingNeeded
DETALLADO: containing window = monopoly.windows.MainMenu[frame0,182,43,1000x700,hidden,layout=java.awt.BorderLayout,title=MONOPOLY,resizable,normal,defaultCloseOperation=DISPOSE_ON_CLOSE,rootPane=javax.swing.JRootPane[,7,30,986x663,layout=javax.swing.JRootPane$RootLayout,alignmentX=0.0,alignmentY=0.0,border=,flags=16777673,maximumSize=,minimumSize=,preferredSize=],rootPaneCheckingEnabled=true]; has h/w descendants = false; has l/w descendants = true; disposing = true
nov 04, 2023 7:06:28 P. M. java.awt.Container mixOnHiding
DETALLADO: this = javax.swing.JPanel[,250,10,486x617,invalid,layout=javax.swing.BoxLayout,alignmentX=0.5,alignmentY=0.0,border=javax.swing.plaf.synth.SynthBorder@2e3a60ce,flags=16777217,maximumSize=,minimumSize=,preferredSize=]; isLightweight=true
nov 04, 2023 7:06:28 P. M. java.awt.Component mixOnHiding
DETALLADO: this = javax.swing.JPanel[,250,10,486x617,invalid,layout=javax.swing.BoxLayout,alignmentX=0.5,alignmentY=0.0,border=javax.swing.plaf.synth.SynthBorder@2e3a60ce,flags=16777217,maximumSize=,minimumSize=,preferredSize=]; isLightweight = true
nov 04, 2023 7:06:28 P. M. java.awt.Component isMixingNeeded
DETALLADO: containing window = monopoly.windows.MainMenu[frame0,182,43,1000x700,hidden,layout=java.awt.BorderLayout,title=MONOPOLY,resizable,normal,defaultCloseOperation=DISPOSE_ON_CLOSE,rootPane=javax.swing.JRootPane[,7,30,986x663,layout=javax.swing.JRootPane$RootLayout,alignmentX=0.0,alignmentY=0.0,border=,flags=16777673,maximumSize=,minimumSize=,preferredSize=],rootPaneCheckingEnabled=true]; has h/w descendants = false; has l/w descendants = true; disposing = true
nov 04, 2023 7:06:28 P. M. java.awt.Container mixOnHiding
DETALLADO: this = monopoly.windows.MasterFrame$PanelImageBuilder[,0,10,250x617,invalid,layout=java.awt.FlowLayout,alignmentX=0.0,alignmentY=0.0,border=javax.swing.plaf.synth.SynthBorder@27d0783a,flags=16777217,maximumSize=,minimumSize=,preferredSize=]; isLightweight=true
nov 04, 2023 7:06:28 P. M. java.awt.Component mixOnHiding
DETALLADO: this = monopoly.windows.MasterFrame$PanelImageBuilder[,0,10,250x617,invalid,layout=java.awt.FlowLayout,alignmentX=0.0,alignmentY=0.0,border=javax.swing.plaf.synth.SynthBorder@27d0783a,flags=16777217,maximumSize=,minimumSize=,preferredSize=]; isLightweight = true
nov 04, 2023 7:06:28 P. M. java.awt.Component isMixingNeeded
DETALLADO: containing window = monopoly.windows.MainMenu[frame0,182,43,1000x700,hidden,layout=java.awt.BorderLayout,title=MONOPOLY,resizable,normal,defaultCloseOperation=DISPOSE_ON_CLOSE,rootPane=javax.swing.JRootPane[,7,30,986x663,layout=javax.swing.JRootPane$RootLayout,alignmentX=0.0,alignmentY=0.0,border=,flags=16777673,maximumSize=,minimumSize=,preferredSize=],rootPaneCheckingEnabled=true]; has h/w descendants = false; has l/w descendants = true; disposing = true
nov 04, 2023 7:06:28 P. M. java.awt.Container mixOnHiding
DETALLADO: this = javax.swing.JPanel[,0,0,986x10,invalid,layout=java.awt.FlowLayout,alignmentX=0.0,alignmentY=0.0,border=javax.swing.plaf.synth.SynthBorder@1025192a,flags=16777217,maximumSize=,minimumSize=,preferredSize=]; isLightweight=true
nov 04, 2023 7:06:28 P. M. java.awt.Component mixOnHiding
DETALLADO: this = javax.swing.JPanel[,0,0,986x10,invalid,layout=java.awt.FlowLayout,alignmentX=0.0,alignmentY=0.0,border=javax.swing.plaf.synth.SynthBorder@1025192a,flags=16777217,maximumSize=,minimumSize=,preferredSize=]; isLightweight = true
nov 04, 2023 7:06:28 P. M. java.awt.Component isMixingNeeded
DETALLADO: containing window = monopoly.windows.MainMenu[frame0,182,43,1000x700,hidden,layout=java.awt.BorderLayout,title=MONOPOLY,resizable,normal,defaultCloseOperation=DISPOSE_ON_CLOSE,rootPane=javax.swing.JRootPane[,7,30,986x663,layout=javax.swing.JRootPane$RootLayout,alignmentX=0.0,alignmentY=0.0,border=,flags=16777673,maximumSize=,minimumSize=,preferredSize=],rootPaneCheckingEnabled=true]; has h/w descendants = false; has l/w descendants = true; disposing = true
nov 04, 2023 7:06:28 P. M. java.awt.Container mixOnHiding
DETALLADO: this = monopoly.windows.MasterFrame$PanelImageBuilder[,0,0,986x663,invalid,layout=java.awt.BorderLayout,alignmentX=0.0,alignmentY=0.0,border=javax.swing.plaf.synth.SynthBorder@6d2b9494,flags=9,maximumSize=,minimumSize=,preferredSize=]; isLightweight=true
nov 04, 2023 7:06:28 P. M. java.awt.Component mixOnHiding
DETALLADO: this = monopoly.windows.MasterFrame$PanelImageBuilder[,0,0,986x663,invalid,layout=java.awt.BorderLayout,alignmentX=0.0,alignmentY=0.0,border=javax.swing.plaf.synth.SynthBorder@6d2b9494,flags=9,maximumSize=,minimumSize=,preferredSize=]; isLightweight = true
nov 04, 2023 7:06:28 P. M. java.awt.Component isMixingNeeded
DETALLADO: containing window = monopoly.windows.MainMenu[frame0,182,43,1000x700,hidden,layout=java.awt.BorderLayout,title=MONOPOLY,resizable,normal,defaultCloseOperation=DISPOSE_ON_CLOSE,rootPane=javax.swing.JRootPane[,7,30,986x663,layout=javax.swing.JRootPane$RootLayout,alignmentX=0.0,alignmentY=0.0,border=,flags=16777673,maximumSize=,minimumSize=,preferredSize=],rootPaneCheckingEnabled=true]; has h/w descendants = false; has l/w descendants = true; disposing = true
nov 04, 2023 7:06:28 P. M. java.awt.Container mixOnHiding
DETALLADO: this = javax.swing.JLayeredPane[null.layeredPane,0,0,986x663,invalid,alignmentX=0.0,alignmentY=0.0,border=,flags=0,maximumSize=,minimumSize=,preferredSize=,optimizedDrawingPossible=true]; isLightweight=true
nov 04, 2023 7:06:28 P. M. java.awt.Component mixOnHiding
DETALLADO: this = javax.swing.JLayeredPane[null.layeredPane,0,0,986x663,invalid,alignmentX=0.0,alignmentY=0.0,border=,flags=0,maximumSize=,minimumSize=,preferredSize=,optimizedDrawingPossible=true]; isLightweight = true
nov 04, 2023 7:06:28 P. M. java.awt.Component isMixingNeeded
DETALLADO: containing window = monopoly.windows.MainMenu[frame0,182,43,1000x700,hidden,layout=java.awt.BorderLayout,title=MONOPOLY,resizable,normal,defaultCloseOperation=DISPOSE_ON_CLOSE,rootPane=javax.swing.JRootPane[,7,30,986x663,layout=javax.swing.JRootPane$RootLayout,alignmentX=0.0,alignmentY=0.0,border=,flags=16777673,maximumSize=,minimumSize=,preferredSize=],rootPaneCheckingEnabled=true]; has h/w descendants = false; has l/w descendants = true; disposing = true
nov 04, 2023 7:06:28 P. M. java.awt.Container mixOnHiding
DETALLADO: this = javax.swing.JPanel[null.glassPane,0,0,986x663,invalid,hidden,layout=java.awt.FlowLayout,alignmentX=0.0,alignmentY=0.0,border=,flags=16777217,maximumSize=,minimumSize=,preferredSize=]; isLightweight=true
nov 04, 2023 7:06:28 P. M. java.awt.Component mixOnHiding
DETALLADO: this = javax.swing.JPanel[null.glassPane,0,0,986x663,invalid,hidden,layout=java.awt.FlowLayout,alignmentX=0.0,alignmentY=0.0,border=,flags=16777217,maximumSize=,minimumSize=,preferredSize=]; isLightweight = true
nov 04, 2023 7:06:28 P. M. java.awt.Component isMixingNeeded
DETALLADO: containing window = monopoly.windows.MainMenu[frame0,182,43,1000x700,hidden,layout=java.awt.BorderLayout,title=MONOPOLY,resizable,normal,defaultCloseOperation=DISPOSE_ON_CLOSE,rootPane=javax.swing.JRootPane[,7,30,986x663,layout=javax.swing.JRootPane$RootLayout,alignmentX=0.0,alignmentY=0.0,border=,flags=16777673,maximumSize=,minimumSize=,preferredSize=],rootPaneCheckingEnabled=true]; has h/w descendants = false; has l/w descendants = true; disposing = true
nov 04, 2023 7:06:28 P. M. java.awt.Container mixOnHiding
DETALLADO: this = javax.swing.JRootPane[,7,30,986x663,invalid,layout=javax.swing.JRootPane$RootLayout,alignmentX=0.0,alignmentY=0.0,border=,flags=16777673,maximumSize=,minimumSize=,preferredSize=]; isLightweight=true
nov 04, 2023 7:06:28 P. M. java.awt.Component mixOnHiding
DETALLADO: this = javax.swing.JRootPane[,7,30,986x663,invalid,layout=javax.swing.JRootPane$RootLayout,alignmentX=0.0,alignmentY=0.0,border=,flags=16777673,maximumSize=,minimumSize=,preferredSize=]; isLightweight = true
nov 04, 2023 7:06:28 P. M. java.awt.Component isMixingNeeded
DETALLADO: containing window = monopoly.windows.MainMenu[frame0,182,43,1000x700,hidden,layout=java.awt.BorderLayout,title=MONOPOLY,resizable,normal,defaultCloseOperation=DISPOSE_ON_CLOSE,rootPane=javax.swing.JRootPane[,7,30,986x663,invalid,layout=javax.swing.JRootPane$RootLayout,alignmentX=0.0,alignmentY=0.0,border=,flags=16777673,maximumSize=,minimumSize=,preferredSize=],rootPaneCheckingEnabled=true]; has h/w descendants = false; has l/w descendants = false; disposing = true
nov 04, 2023 7:06:28 P. M. java.awt.Container mixOnHiding
DETALLADO: this = monopoly.windows.MainMenu[frame0,182,43,1000x700,invalid,hidden,layout=java.awt.BorderLayout,title=MONOPOLY,resizable,normal,defaultCloseOperation=DISPOSE_ON_CLOSE,rootPane=javax.swing.JRootPane[,7,30,986x663,invalid,layout=javax.swing.JRootPane$RootLayout,alignmentX=0.0,alignmentY=0.0,border=,flags=16777673,maximumSize=,minimumSize=,preferredSize=],rootPaneCheckingEnabled=true]; isLightweight=false
nov 04, 2023 7:06:28 P. M. java.awt.Component mixOnHiding
DETALLADO: this = monopoly.windows.MainMenu[frame0,182,43,1000x700,invalid,hidden,layout=java.awt.BorderLayout,title=MONOPOLY,resizable,normal,defaultCloseOperation=DISPOSE_ON_CLOSE,rootPane=javax.swing.JRootPane[,7,30,986x663,invalid,layout=javax.swing.JRootPane$RootLayout,alignmentX=0.0,alignmentY=0.0,border=,flags=16777673,maximumSize=,minimumSize=,preferredSize=],rootPaneCheckingEnabled=true]; isLightweight = false
nov 04, 2023 7:06:28 P. M. java.awt.Component isMixingNeeded
DETALLADO: containing window = monopoly.windows.MainMenu[frame0,182,43,1000x700,invalid,hidden,layout=java.awt.BorderLayout,title=MONOPOLY,resizable,normal,defaultCloseOperation=DISPOSE_ON_CLOSE,rootPane=javax.swing.JRootPane[,7,30,986x663,invalid,layout=javax.swing.JRootPane$RootLayout,alignmentX=0.0,alignmentY=0.0,border=,flags=16777673,maximumSize=,minimumSize=,preferredSize=],rootPaneCheckingEnabled=true]; has h/w descendants = false; has l/w descendants = false; disposing = true
nov 04, 2023 7:06:28 P. M. java.awt.DefaultKeyboardFocusManager dispatchEvent
DETALLADO: java.awt.event.FocusEvent[FOCUS_LOST,permanent,opposite=null,cause=CLEAR_GLOBAL_FOCUS_OWNER] on monopoly.windows.MainMenu$1[,25,107,436x81,invalid,alignmentX=0.5,alignmentY=0.5,border=javax.swing.plaf.synth.SynthBorder@7980bda2,flags=288,maximumSize=,minimumSize=,preferredSize=,defaultIcon=,disabledIcon=,disabledSelectedIcon=,margin=javax.swing.plaf.InsetsUIResource[top=0,left=0,bottom=0,right=0],paintBorder=true,paintFocus=true,pressedIcon=,rolloverEnabled=true,rolloverIcon=,rolloverSelectedIcon=,selectedIcon=,text=PLAY,defaultCapable=true]
nov 04, 2023 7:06:28 P. M. java.awt.DefaultKeyboardFocusManager dispatchEvent
DETALLADO: sun.awt.TimedWindowEvent[WINDOW_LOST_FOCUS,opposite=null,oldState=0,newState=0] on frame0
nov 04, 2023 7:06:28 P. M. java.awt.DefaultKeyboardFocusManager dispatchEvent
DETALLADO: Active monopoly.windows.MainMenu[frame0,182,43,1000x700,invalid,hidden,layout=java.awt.BorderLayout,title=MONOPOLY,resizable,normal,defaultCloseOperation=DISPOSE_ON_CLOSE,rootPane=javax.swing.JRootPane[,7,30,986x663,invalid,layout=javax.swing.JRootPane$RootLayout,alignmentX=0.0,alignmentY=0.0,border=,flags=16777673,maximumSize=,minimumSize=,preferredSize=],rootPaneCheckingEnabled=true], Current focused monopoly.windows.MainMenu[frame0,182,43,1000x700,invalid,hidden,layout=java.awt.BorderLayout,title=MONOPOLY,resizable,normal,defaultCloseOperation=DISPOSE_ON_CLOSE,rootPane=javax.swing.JRootPane[,7,30,986x663,invalid,layout=javax.swing.JRootPane$RootLayout,alignmentX=0.0,alignmentY=0.0,border=,flags=16777673,maximumSize=,minimumSize=,preferredSize=],rootPaneCheckingEnabled=true], losing focus monopoly.windows.MainMenu[frame0,182,43,1000x700,invalid,hidden,layout=java.awt.BorderLayout,title=MONOPOLY,resizable,normal,defaultCloseOperation=DISPOSE_ON_CLOSE,rootPane=javax.swing.JRootPane[,7,30,986x663,invalid,layout=javax.swing.JRootPane$RootLayout,alignmentX=0.0,alignmentY=0.0,border=,flags=16777673,maximumSize=,minimumSize=,preferredSize=],rootPaneCheckingEnabled=true] opposite null
nov 04, 2023 7:06:28 P. M. java.awt.DefaultKeyboardFocusManager dispatchEvent
DETALLADO: java.awt.event.WindowEvent[WINDOW_DEACTIVATED,opposite=null,oldState=0,newState=0] on frame0
nov 04, 2023 7:06:28 P. M. java.awt.DefaultKeyboardFocusManager dispatchEvent
DETALLADO: java.awt.event.WindowEvent[WINDOW_CLOSED,opposite=null,oldState=0,newState=0] on frame0
